16:44:30  [main] 	Initializing Control Panel
16:44:30  [main] 	Windows Version: Windows 8  64-bit
16:44:30  [main] 	XAMPP Version: 5.6.12
16:44:30  [main] 	Control Panel Version: 3.2.1  [ Compiled: May 7th 2013 ]
16:44:30  [main] 	You are not running with administrator rights! This will work for
16:44:30  [main] 	most application stuff but whenever you do something with services
16:44:30  [main] 	there will be a security dialogue or things will break! So think 
16:44:30  [main] 	about running this application with administrator rights!
16:44:30  [main] 	XAMPP Installation Directory: "c:\xampp\"
16:44:30  [main] 	Checking for prerequisites
16:44:37  [main] 	All prerequisites found
16:44:37  [main] 	Initializing Modules
16:44:37  [Apache] 	Problem detected!
16:44:37  [Apache] 	Port 80 in use by "Unable to open process" with PID 6828!
16:44:37  [Apache] 	Apache WILL NOT start without the configured ports free!
16:44:37  [Apache] 	You need to uninstall/disable/reconfigure the blocking application
16:44:37  [Apache] 	or reconfigure Apache and the Control Panel to listen on a different port
16:44:37  [Apache] 	Problem detected!
16:44:37  [Apache] 	Port 443 in use by "Unable to open process" with PID 6828!
16:44:37  [Apache] 	Apache WILL NOT start without the configured ports free!
16:44:37  [Apache] 	You need to uninstall/disable/reconfigure the blocking application
16:44:37  [Apache] 	or reconfigure Apache and the Control Panel to listen on a different port
16:44:37  [main] 	Starting Check-Timer
16:44:37  [main] 	Control Panel Ready
16:47:26  [Apache] 	Problem detected!
16:47:26  [Apache] 	Port 80 in use by "Unable to open process" with PID 6828!
16:47:26  [Apache] 	Apache WILL NOT start without the configured ports free!
16:47:26  [Apache] 	You need to uninstall/disable/reconfigure the blocking application
16:47:26  [Apache] 	or reconfigure Apache and the Control Panel to listen on a different port
16:47:26  [Apache] 	Problem detected!
16:47:26  [Apache] 	Port 443 in use by "Unable to open process" with PID 6828!
16:47:26  [Apache] 	Apache WILL NOT start without the configured ports free!
16:47:26  [Apache] 	You need to uninstall/disable/reconfigure the blocking application
16:47:26  [Apache] 	or reconfigure Apache and the Control Panel to listen on a different port
16:47:26  [Apache] 	Attempting to start Apache app...
16:47:27  [Apache] 	Status change detected: running
16:47:27  [Apache] 	Status change detected: stopped
16:47:27  [Apache] 	Error: Apache shutdown unexpectedly.
16:47:27  [Apache] 	This may be due to a blocked port, missing dependencies, 
16:47:27  [Apache] 	improper privileges, a crash, or a shutdown by another method.
16:47:27  [Apache] 	Press the Logs button to view error logs and check
16:47:27  [Apache] 	the Windows Event Viewer for more clues
16:47:27  [Apache] 	If you need more help, copy and post this
16:47:27  [Apache] 	entire log window on the forums
16:47:27  [mysql] 	Attempting to start MySQL app...
16:47:28  [mysql] 	Status change detected: running
16:47:34  [Apache] 	Problem detected!
16:47:34  [Apache] 	Port 80 in use by "Unable to open process" with PID 6828!
16:47:34  [Apache] 	Apache WILL NOT start without the configured ports free!
16:47:34  [Apache] 	You need to uninstall/disable/reconfigure the blocking application
16:47:34  [Apache] 	or reconfigure Apache and the Control Panel to listen on a different port
16:47:34  [Apache] 	Problem detected!
16:47:34  [Apache] 	Port 443 in use by "Unable to open process" with PID 6828!
16:47:34  [Apache] 	Apache WILL NOT start without the configured ports free!
16:47:34  [Apache] 	You need to uninstall/disable/reconfigure the blocking application
16:47:34  [Apache] 	or reconfigure Apache and the Control Panel to listen on a different port
16:47:34  [Apache] 	Attempting to start Apache app...
16:47:34  [Apache] 	Status change detected: running
16:47:35  [Apache] 	Status change detected: stopped
16:47:35  [Apache] 	Error: Apache shutdown unexpectedly.
16:47:35  [Apache] 	This may be due to a blocked port, missing dependencies, 
16:47:35  [Apache] 	improper privileges, a crash, or a shutdown by another method.
16:47:35  [Apache] 	Press the Logs button to view error logs and check
16:47:35  [Apache] 	the Windows Event Viewer for more clues
16:47:35  [Apache] 	If you need more help, copy and post this
16:47:35  [Apache] 	entire log window on the forums
16:47:59  [Apache] 	Problem detected!
16:47:59  [Apache] 	Port 80 in use by "Unable to open process" with PID 6828!
16:47:59  [Apache] 	Apache WILL NOT start without the configured ports free!
16:47:59  [Apache] 	You need to uninstall/disable/reconfigure the blocking application
16:47:59  [Apache] 	or reconfigure Apache and the Control Panel to listen on a different port
16:47:59  [Apache] 	Problem detected!
16:47:59  [Apache] 	Port 443 in use by "Unable to open process" with PID 6828!
16:47:59  [Apache] 	Apache WILL NOT start without the configured ports free!
16:47:59  [Apache] 	You need to uninstall/disable/reconfigure the blocking application
16:47:59  [Apache] 	or reconfigure Apache and the Control Panel to listen on a different port
16:47:59  [Apache] 	Attempting to start Apache app...
16:47:59  [Apache] 	Status change detected: running
16:48:00  [Apache] 	Status change detected: stopped
16:48:00  [Apache] 	Error: Apache shutdown unexpectedly.
16:48:00  [Apache] 	This may be due to a blocked port, missing dependencies, 
16:48:00  [Apache] 	improper privileges, a crash, or a shutdown by another method.
16:48:00  [Apache] 	Press the Logs button to view error logs and check
16:48:00  [Apache] 	the Windows Event Viewer for more clues
16:48:00  [Apache] 	If you need more help, copy and post this
16:48:00  [Apache] 	entire log window on the forums
16:49:25  [Apache] 	Problem detected!
16:49:25  [Apache] 	Port 80 in use by "Unable to open process" with PID 6828!
16:49:25  [Apache] 	Apache WILL NOT start without the configured ports free!
16:49:25  [Apache] 	You need to uninstall/disable/reconfigure the blocking application
16:49:25  [Apache] 	or reconfigure Apache and the Control Panel to listen on a different port
16:49:25  [Apache] 	Problem detected!
16:49:25  [Apache] 	Port 443 in use by "Unable to open process" with PID 6828!
16:49:25  [Apache] 	Apache WILL NOT start without the configured ports free!
16:49:25  [Apache] 	You need to uninstall/disable/reconfigure the blocking application
16:49:25  [Apache] 	or reconfigure Apache and the Control Panel to listen on a different port
16:49:25  [Apache] 	Attempting to start Apache app...
16:49:26  [Apache] 	Status change detected: running
16:49:26  [Apache] 	Status change detected: stopped
16:49:26  [Apache] 	Error: Apache shutdown unexpectedly.
16:49:26  [Apache] 	This may be due to a blocked port, missing dependencies, 
16:49:26  [Apache] 	improper privileges, a crash, or a shutdown by another method.
16:49:26  [Apache] 	Press the Logs button to view error logs and check
16:49:26  [Apache] 	the Windows Event Viewer for more clues
16:49:26  [Apache] 	If you need more help, copy and post this
16:49:26  [Apache] 	entire log window on the forums
16:49:50  [Apache] 	Problem detected!
16:49:50  [Apache] 	Port 80 in use by "Unable to open process" with PID 6828!
16:49:50  [Apache] 	Apache WILL NOT start without the configured ports free!
16:49:50  [Apache] 	You need to uninstall/disable/reconfigure the blocking application
16:49:50  [Apache] 	or reconfigure Apache and the Control Panel to listen on a different port
16:49:50  [Apache] 	Problem detected!
16:49:50  [Apache] 	Port 443 in use by "Unable to open process" with PID 6828!
16:49:50  [Apache] 	Apache WILL NOT start without the configured ports free!
16:49:50  [Apache] 	You need to uninstall/disable/reconfigure the blocking application
16:49:50  [Apache] 	or reconfigure Apache and the Control Panel to listen on a different port
16:49:50  [Apache] 	Attempting to start Apache app...
16:49:51  [Apache] 	Status change detected: running
16:49:52  [Apache] 	Status change detected: stopped
16:49:52  [Apache] 	Error: Apache shutdown unexpectedly.
16:49:52  [Apache] 	This may be due to a blocked port, missing dependencies, 
16:49:52  [Apache] 	improper privileges, a crash, or a shutdown by another method.
16:49:52  [Apache] 	Press the Logs button to view error logs and check
16:49:52  [Apache] 	the Windows Event Viewer for more clues
16:49:52  [Apache] 	If you need more help, copy and post this
16:49:52  [Apache] 	entire log window on the forums
16:50:27  [Apache] 	Problem detected!
16:50:27  [Apache] 	Port 80 in use by "Unable to open process" with PID 6828!
16:50:27  [Apache] 	Apache WILL NOT start without the configured ports free!
16:50:27  [Apache] 	You need to uninstall/disable/reconfigure the blocking application
16:50:27  [Apache] 	or reconfigure Apache and the Control Panel to listen on a different port
16:50:27  [Apache] 	Problem detected!
16:50:27  [Apache] 	Port 443 in use by "Unable to open process" with PID 6828!
16:50:27  [Apache] 	Apache WILL NOT start without the configured ports free!
16:50:27  [Apache] 	You need to uninstall/disable/reconfigure the blocking application
16:50:27  [Apache] 	or reconfigure Apache and the Control Panel to listen on a different port
16:50:27  [Apache] 	Attempting to start Apache app...
16:50:27  [Apache] 	Status change detected: running
16:50:28  [Apache] 	Status change detected: stopped
16:50:28  [Apache] 	Error: Apache shutdown unexpectedly.
16:50:28  [Apache] 	This may be due to a blocked port, missing dependencies, 
16:50:28  [Apache] 	improper privileges, a crash, or a shutdown by another method.
16:50:28  [Apache] 	Press the Logs button to view error logs and check
16:50:28  [Apache] 	the Windows Event Viewer for more clues
16:50:28  [Apache] 	If you need more help, copy and post this
16:50:28  [Apache] 	entire log window on the forums
16:52:13  [Apache] 	Problem detected!
16:52:13  [Apache] 	Port 80 in use by "Unable to open process" with PID 6828!
16:52:13  [Apache] 	Apache WILL NOT start without the configured ports free!
16:52:13  [Apache] 	You need to uninstall/disable/reconfigure the blocking application
16:52:13  [Apache] 	or reconfigure Apache and the Control Panel to listen on a different port
16:52:13  [Apache] 	Problem detected!
16:52:13  [Apache] 	Port 443 in use by "Unable to open process" with PID 6828!
16:52:13  [Apache] 	Apache WILL NOT start without the configured ports free!
16:52:13  [Apache] 	You need to uninstall/disable/reconfigure the blocking application
16:52:13  [Apache] 	or reconfigure Apache and the Control Panel to listen on a different port
16:52:13  [Apache] 	Attempting to start Apache app...
16:52:14  [Apache] 	Status change detected: running
16:52:14  [Apache] 	Status change detected: stopped
16:52:14  [Apache] 	Error: Apache shutdown unexpectedly.
16:52:14  [Apache] 	This may be due to a blocked port, missing dependencies, 
16:52:14  [Apache] 	improper privileges, a crash, or a shutdown by another method.
16:52:14  [Apache] 	Press the Logs button to view error logs and check
16:52:14  [Apache] 	the Windows Event Viewer for more clues
16:52:14  [Apache] 	If you need more help, copy and post this
16:52:14  [Apache] 	entire log window on the forums
16:52:17  [main] 	Deinitializing Modules
16:52:17  [main] 	Deinitializing Control Panel

16:52:35  [main] 	Initializing Control Panel
16:52:35  [main] 	Windows Version: Windows 8  64-bit
16:52:35  [main] 	XAMPP Version: 5.6.12
16:52:35  [main] 	Control Panel Version: 3.2.1  [ Compiled: May 7th 2013 ]
16:52:35  [main] 	You are not running with administrator rights! This will work for
16:52:35  [main] 	most application stuff but whenever you do something with services
16:52:35  [main] 	there will be a security dialogue or things will break! So think 
16:52:35  [main] 	about running this application with administrator rights!
16:52:35  [main] 	XAMPP Installation Directory: "c:\xampp\"
16:52:35  [main] 	Checking for prerequisites
16:52:35  [main] 	All prerequisites found
16:52:35  [main] 	Initializing Modules
16:52:35  [Apache] 	Problem detected!
16:52:35  [Apache] 	Port 80 in use by "Unable to open process" with PID 6828!
16:52:35  [Apache] 	Apache WILL NOT start without the configured ports free!
16:52:35  [Apache] 	You need to uninstall/disable/reconfigure the blocking application
16:52:35  [Apache] 	or reconfigure Apache and the Control Panel to listen on a different port
16:52:35  [Apache] 	Problem detected!
16:52:35  [Apache] 	Port 443 in use by "Unable to open process" with PID 6828!
16:52:35  [Apache] 	Apache WILL NOT start without the configured ports free!
16:52:35  [Apache] 	You need to uninstall/disable/reconfigure the blocking application
16:52:35  [Apache] 	or reconfigure Apache and the Control Panel to listen on a different port
16:52:35  [mysql] 	XAMPP MySQL is already running on port 3306
16:52:35  [main] 	Starting Check-Timer
16:52:35  [main] 	Control Panel Ready
16:52:37  [Apache] 	Problem detected!
16:52:37  [Apache] 	Port 80 in use by "Unable to open process" with PID 6828!
16:52:37  [Apache] 	Apache WILL NOT start without the configured ports free!
16:52:37  [Apache] 	You need to uninstall/disable/reconfigure the blocking application
16:52:37  [Apache] 	or reconfigure Apache and the Control Panel to listen on a different port
16:52:37  [Apache] 	Problem detected!
16:52:37  [Apache] 	Port 443 in use by "Unable to open process" with PID 6828!
16:52:37  [Apache] 	Apache WILL NOT start without the configured ports free!
16:52:37  [Apache] 	You need to uninstall/disable/reconfigure the blocking application
16:52:37  [Apache] 	or reconfigure Apache and the Control Panel to listen on a different port
16:52:37  [Apache] 	Attempting to start Apache app...
16:52:37  [Apache] 	Status change detected: running
16:52:38  [Apache] 	Status change detected: stopped
16:52:38  [Apache] 	Error: Apache shutdown unexpectedly.
16:52:38  [Apache] 	This may be due to a blocked port, missing dependencies, 
16:52:38  [Apache] 	improper privileges, a crash, or a shutdown by another method.
16:52:38  [Apache] 	Press the Logs button to view error logs and check
16:52:38  [Apache] 	the Windows Event Viewer for more clues
16:52:38  [Apache] 	If you need more help, copy and post this
16:52:38  [Apache] 	entire log window on the forums
16:52:48  [Apache] 	Status change detected: running
16:52:49  [Apache] 	Status change detected: stopped
16:52:49  [Apache] 	Error: Apache shutdown unexpectedly.
16:52:49  [Apache] 	This may be due to a blocked port, missing dependencies, 
16:52:49  [Apache] 	improper privileges, a crash, or a shutdown by another method.
16:52:49  [Apache] 	Press the Logs button to view error logs and check
16:52:49  [Apache] 	the Windows Event Viewer for more clues
16:52:49  [Apache] 	If you need more help, copy and post this
16:52:49  [Apache] 	entire log window on the forums
16:53:03  [mysql] 	Status change detected: stopped
16:53:03  [mysql] 	Error: MySQL shutdown unexpectedly.
16:53:03  [mysql] 	This may be due to a blocked port, missing dependencies, 
16:53:03  [mysql] 	improper privileges, a crash, or a shutdown by another method.
16:53:03  [mysql] 	Press the Logs button to view error logs and check
16:53:03  [mysql] 	the Windows Event Viewer for more clues
16:53:03  [mysql] 	If you need more help, copy and post this
16:53:03  [mysql] 	entire log window on the forums
16:53:13  [Apache] 	Status change detected: running
16:53:17  [mysql] 	Status change detected: running
16:55:15  [main] 	Deinitializing Modules
16:55:15  [main] 	Deinitializing Control Panel

16:53:07  [main] 	Initializing Control Panel
16:53:07  [main] 	Windows Version: Windows 8  64-bit
16:53:07  [main] 	XAMPP Version: 5.6.12
16:53:07  [main] 	Control Panel Version: 3.2.1  [ Compiled: May 7th 2013 ]
16:53:07  [main] 	You are not running with administrator rights! This will work for
16:53:07  [main] 	most application stuff but whenever you do something with services
16:53:07  [main] 	there will be a security dialogue or things will break! So think 
16:53:07  [main] 	about running this application with administrator rights!
16:53:07  [main] 	XAMPP Installation Directory: "c:\xampp\"
16:53:07  [main] 	Checking for prerequisites
16:53:07  [main] 	All prerequisites found
16:53:07  [main] 	Initializing Modules
16:53:07  [main] 	Starting Check-Timer
16:53:07  [main] 	Control Panel Ready
16:53:13  [Apache] 	Attempting to start Apache app...
16:53:13  [Apache] 	Status change detected: running
16:53:16  [mysql] 	Attempting to start MySQL app...
16:53:17  [mysql] 	Status change detected: running
16:58:16  [Apache] 	Status change detected: stopped
16:58:16  [Apache] 	Error: Apache shutdown unexpectedly.
16:58:16  [Apache] 	This may be due to a blocked port, missing dependencies, 
16:58:16  [Apache] 	improper privileges, a crash, or a shutdown by another method.
16:58:16  [Apache] 	Press the Logs button to view error logs and check
16:58:16  [Apache] 	the Windows Event Viewer for more clues
16:58:16  [Apache] 	If you need more help, copy and post this
16:58:16  [Apache] 	entire log window on the forums
11:44:26  [main] 	Deinitializing Modules
11:44:26  [main] 	Deinitializing Control Panel

11:44:42  [main] 	Initializing Control Panel
11:44:42  [main] 	Windows Version: Windows 8  64-bit
11:44:42  [main] 	XAMPP Version: 5.6.12
11:44:42  [main] 	Control Panel Version: 3.2.1  [ Compiled: May 7th 2013 ]
11:44:42  [main] 	You are not running with administrator rights! This will work for
11:44:42  [main] 	most application stuff but whenever you do something with services
11:44:42  [main] 	there will be a security dialogue or things will break! So think 
11:44:42  [main] 	about running this application with administrator rights!
11:44:42  [main] 	XAMPP Installation Directory: "c:\xampp\"
11:44:42  [main] 	Checking for prerequisites
11:44:42  [main] 	All prerequisites found
11:44:42  [main] 	Initializing Modules
11:44:42  [Apache] 	Problem detected!
11:44:42  [Apache] 	Port 80 in use by "Unable to open process" with PID 440!
11:44:42  [Apache] 	Apache WILL NOT start without the configured ports free!
11:44:42  [Apache] 	You need to uninstall/disable/reconfigure the blocking application
11:44:42  [Apache] 	or reconfigure Apache and the Control Panel to listen on a different port
11:44:42  [Apache] 	Problem detected!
11:44:42  [Apache] 	Port 443 in use by "Unable to open process" with PID 440!
11:44:42  [Apache] 	Apache WILL NOT start without the configured ports free!
11:44:42  [Apache] 	You need to uninstall/disable/reconfigure the blocking application
11:44:42  [Apache] 	or reconfigure Apache and the Control Panel to listen on a different port
11:44:42  [mysql] 	XAMPP MySQL is already running on port 3306
11:44:42  [main] 	Starting Check-Timer
11:44:42  [main] 	Control Panel Ready
11:44:53  [Apache] 	Problem detected!
11:44:53  [Apache] 	Port 80 in use by "Unable to open process" with PID 440!
11:44:53  [Apache] 	Apache WILL NOT start without the configured ports free!
11:44:53  [Apache] 	You need to uninstall/disable/reconfigure the blocking application
11:44:53  [Apache] 	or reconfigure Apache and the Control Panel to listen on a different port
11:44:53  [Apache] 	Problem detected!
11:44:53  [Apache] 	Port 443 in use by "Unable to open process" with PID 440!
11:44:53  [Apache] 	Apache WILL NOT start without the configured ports free!
11:44:53  [Apache] 	You need to uninstall/disable/reconfigure the blocking application
11:44:53  [Apache] 	or reconfigure Apache and the Control Panel to listen on a different port
11:44:53  [Apache] 	Attempting to start Apache app...
11:44:54  [Apache] 	Status change detected: running
11:44:56  [Apache] 	Status change detected: stopped
11:44:56  [Apache] 	Error: Apache shutdown unexpectedly.
11:44:56  [Apache] 	This may be due to a blocked port, missing dependencies, 
11:44:56  [Apache] 	improper privileges, a crash, or a shutdown by another method.
11:44:56  [Apache] 	Press the Logs button to view error logs and check
11:44:56  [Apache] 	the Windows Event Viewer for more clues
11:44:56  [Apache] 	If you need more help, copy and post this
11:44:56  [Apache] 	entire log window on the forums
11:45:47  [Apache] 	Problem detected!
11:45:47  [Apache] 	Port 80 in use by "Unable to open process" with PID 440!
11:45:47  [Apache] 	Apache WILL NOT start without the configured ports free!
11:45:47  [Apache] 	You need to uninstall/disable/reconfigure the blocking application
11:45:47  [Apache] 	or reconfigure Apache and the Control Panel to listen on a different port
11:45:47  [Apache] 	Problem detected!
11:45:47  [Apache] 	Port 443 in use by "Unable to open process" with PID 440!
11:45:47  [Apache] 	Apache WILL NOT start without the configured ports free!
11:45:47  [Apache] 	You need to uninstall/disable/reconfigure the blocking application
11:45:47  [Apache] 	or reconfigure Apache and the Control Panel to listen on a different port
11:45:47  [Apache] 	Attempting to start Apache app...
11:45:47  [Apache] 	Status change detected: running
11:45:48  [Apache] 	Status change detected: stopped
11:45:48  [Apache] 	Error: Apache shutdown unexpectedly.
11:45:48  [Apache] 	This may be due to a blocked port, missing dependencies, 
11:45:48  [Apache] 	improper privileges, a crash, or a shutdown by another method.
11:45:48  [Apache] 	Press the Logs button to view error logs and check
11:45:48  [Apache] 	the Windows Event Viewer for more clues
11:45:48  [Apache] 	If you need more help, copy and post this
11:45:48  [Apache] 	entire log window on the forums
11:45:54  [Apache] 	Problem detected!
11:45:54  [Apache] 	Port 80 in use by "Unable to open process" with PID 440!
11:45:54  [Apache] 	Apache WILL NOT start without the configured ports free!
11:45:54  [Apache] 	You need to uninstall/disable/reconfigure the blocking application
11:45:54  [Apache] 	or reconfigure Apache and the Control Panel to listen on a different port
11:45:54  [Apache] 	Problem detected!
11:45:54  [Apache] 	Port 443 in use by "Unable to open process" with PID 440!
11:45:54  [Apache] 	Apache WILL NOT start without the configured ports free!
11:45:54  [Apache] 	You need to uninstall/disable/reconfigure the blocking application
11:45:54  [Apache] 	or reconfigure Apache and the Control Panel to listen on a different port
11:45:54  [Apache] 	Attempting to start Apache app...
11:45:55  [Apache] 	Status change detected: running
11:45:55  [Apache] 	Status change detected: stopped
11:45:55  [Apache] 	Error: Apache shutdown unexpectedly.
11:45:55  [Apache] 	This may be due to a blocked port, missing dependencies, 
11:45:55  [Apache] 	improper privileges, a crash, or a shutdown by another method.
11:45:55  [Apache] 	Press the Logs button to view error logs and check
11:45:55  [Apache] 	the Windows Event Viewer for more clues
11:45:55  [Apache] 	If you need more help, copy and post this
11:45:55  [Apache] 	entire log window on the forums
11:45:56  [Apache] 	Problem detected!
11:45:56  [Apache] 	Port 80 in use by "Unable to open process" with PID 440!
11:45:56  [Apache] 	Apache WILL NOT start without the configured ports free!
11:45:56  [Apache] 	You need to uninstall/disable/reconfigure the blocking application
11:45:56  [Apache] 	or reconfigure Apache and the Control Panel to listen on a different port
11:45:56  [Apache] 	Problem detected!
11:45:56  [Apache] 	Port 443 in use by "Unable to open process" with PID 440!
11:45:56  [Apache] 	Apache WILL NOT start without the configured ports free!
11:45:56  [Apache] 	You need to uninstall/disable/reconfigure the blocking application
11:45:56  [Apache] 	or reconfigure Apache and the Control Panel to listen on a different port
11:45:56  [Apache] 	Attempting to start Apache app...
11:45:56  [Apache] 	Status change detected: running
11:45:57  [Apache] 	Status change detected: stopped
11:45:57  [Apache] 	Error: Apache shutdown unexpectedly.
11:45:57  [Apache] 	This may be due to a blocked port, missing dependencies, 
11:45:57  [Apache] 	improper privileges, a crash, or a shutdown by another method.
11:45:57  [Apache] 	Press the Logs button to view error logs and check
11:45:57  [Apache] 	the Windows Event Viewer for more clues
11:45:57  [Apache] 	If you need more help, copy and post this
11:45:57  [Apache] 	entire log window on the forums
11:48:12  [main] 	Deinitializing Modules
11:48:12  [main] 	Deinitializing Control Panel

11:49:50  [main] 	Initializing Control Panel
11:49:50  [main] 	Windows Version: Windows 8  64-bit
11:49:50  [main] 	XAMPP Version: 5.6.12
11:49:50  [main] 	Control Panel Version: 3.2.1  [ Compiled: May 7th 2013 ]
11:49:50  [main] 	You are not running with administrator rights! This will work for
11:49:50  [main] 	most application stuff but whenever you do something with services
11:49:50  [main] 	there will be a security dialogue or things will break! So think 
11:49:50  [main] 	about running this application with administrator rights!
11:49:50  [main] 	XAMPP Installation Directory: "c:\xampp\"
11:49:50  [main] 	Checking for prerequisites
11:49:50  [main] 	All prerequisites found
11:49:50  [main] 	Initializing Modules
11:49:50  [Apache] 	Problem detected!
11:49:50  [Apache] 	Port 80 in use by "Unable to open process" with PID 440!
11:49:50  [Apache] 	Apache WILL NOT start without the configured ports free!
11:49:50  [Apache] 	You need to uninstall/disable/reconfigure the blocking application
11:49:50  [Apache] 	or reconfigure Apache and the Control Panel to listen on a different port
11:49:50  [Apache] 	Problem detected!
11:49:50  [Apache] 	Port 443 in use by "Unable to open process" with PID 440!
11:49:50  [Apache] 	Apache WILL NOT start without the configured ports free!
11:49:50  [Apache] 	You need to uninstall/disable/reconfigure the blocking application
11:49:50  [Apache] 	or reconfigure Apache and the Control Panel to listen on a different port
11:49:50  [mysql] 	XAMPP MySQL is already running on port 3306
11:49:50  [main] 	Starting Check-Timer
11:49:50  [main] 	Control Panel Ready
11:49:58  [Apache] 	Problem detected!
11:49:58  [Apache] 	Port 80 in use by "Unable to open process" with PID 440!
11:49:58  [Apache] 	Apache WILL NOT start without the configured ports free!
11:49:58  [Apache] 	You need to uninstall/disable/reconfigure the blocking application
11:49:58  [Apache] 	or reconfigure Apache and the Control Panel to listen on a different port
11:49:58  [Apache] 	Problem detected!
11:49:58  [Apache] 	Port 443 in use by "Unable to open process" with PID 440!
11:49:58  [Apache] 	Apache WILL NOT start without the configured ports free!
11:49:58  [Apache] 	You need to uninstall/disable/reconfigure the blocking application
11:49:58  [Apache] 	or reconfigure Apache and the Control Panel to listen on a different port
11:49:58  [Apache] 	Attempting to start Apache app...
11:49:58  [Apache] 	Status change detected: running
11:49:58  [Apache] 	Status change detected: stopped
11:49:58  [Apache] 	Error: Apache shutdown unexpectedly.
11:49:58  [Apache] 	This may be due to a blocked port, missing dependencies, 
11:49:58  [Apache] 	improper privileges, a crash, or a shutdown by another method.
11:49:58  [Apache] 	Press the Logs button to view error logs and check
11:49:58  [Apache] 	the Windows Event Viewer for more clues
11:49:58  [Apache] 	If you need more help, copy and post this
11:49:58  [Apache] 	entire log window on the forums
11:50:09  [Apache] 	Problem detected!
11:50:09  [Apache] 	Port 80 in use by "Unable to open process" with PID 440!
11:50:09  [Apache] 	Apache WILL NOT start without the configured ports free!
11:50:09  [Apache] 	You need to uninstall/disable/reconfigure the blocking application
11:50:09  [Apache] 	or reconfigure Apache and the Control Panel to listen on a different port
11:50:09  [Apache] 	Problem detected!
11:50:09  [Apache] 	Port 443 in use by "Unable to open process" with PID 440!
11:50:09  [Apache] 	Apache WILL NOT start without the configured ports free!
11:50:09  [Apache] 	You need to uninstall/disable/reconfigure the blocking application
11:50:09  [Apache] 	or reconfigure Apache and the Control Panel to listen on a different port
11:50:09  [Apache] 	Attempting to start Apache app...
11:50:10  [Apache] 	Status change detected: running
11:50:10  [Apache] 	Status change detected: stopped
11:50:10  [Apache] 	Error: Apache shutdown unexpectedly.
11:50:10  [Apache] 	This may be due to a blocked port, missing dependencies, 
11:50:10  [Apache] 	improper privileges, a crash, or a shutdown by another method.
11:50:10  [Apache] 	Press the Logs button to view error logs and check
11:50:10  [Apache] 	the Windows Event Viewer for more clues
11:50:10  [Apache] 	If you need more help, copy and post this
11:50:10  [Apache] 	entire log window on the forums
11:56:04  [Apache] 	Problem detected!
11:56:04  [Apache] 	Port 80 in use by "Unable to open process" with PID 440!
11:56:04  [Apache] 	Apache WILL NOT start without the configured ports free!
11:56:04  [Apache] 	You need to uninstall/disable/reconfigure the blocking application
11:56:04  [Apache] 	or reconfigure Apache and the Control Panel to listen on a different port
11:56:04  [Apache] 	Problem detected!
11:56:04  [Apache] 	Port 443 in use by "Unable to open process" with PID 440!
11:56:04  [Apache] 	Apache WILL NOT start without the configured ports free!
11:56:04  [Apache] 	You need to uninstall/disable/reconfigure the blocking application
11:56:04  [Apache] 	or reconfigure Apache and the Control Panel to listen on a different port
11:56:04  [Apache] 	Attempting to start Apache app...
11:56:04  [Apache] 	Status change detected: running
11:56:05  [Apache] 	Status change detected: stopped
11:56:05  [Apache] 	Error: Apache shutdown unexpectedly.
11:56:05  [Apache] 	This may be due to a blocked port, missing dependencies, 
11:56:05  [Apache] 	improper privileges, a crash, or a shutdown by another method.
11:56:05  [Apache] 	Press the Logs button to view error logs and check
11:56:05  [Apache] 	the Windows Event Viewer for more clues
11:56:05  [Apache] 	If you need more help, copy and post this
11:56:05  [Apache] 	entire log window on the forums
11:56:09  [Apache] 	Problem detected!
11:56:09  [Apache] 	Port 80 in use by "Unable to open process" with PID 440!
11:56:09  [Apache] 	Apache WILL NOT start without the configured ports free!
11:56:09  [Apache] 	You need to uninstall/disable/reconfigure the blocking application
11:56:09  [Apache] 	or reconfigure Apache and the Control Panel to listen on a different port
11:56:09  [Apache] 	Problem detected!
11:56:09  [Apache] 	Port 443 in use by "Unable to open process" with PID 440!
11:56:09  [Apache] 	Apache WILL NOT start without the configured ports free!
11:56:09  [Apache] 	You need to uninstall/disable/reconfigure the blocking application
11:56:09  [Apache] 	or reconfigure Apache and the Control Panel to listen on a different port
11:56:09  [Apache] 	Attempting to start Apache app...
11:56:09  [Apache] 	Status change detected: running
11:56:10  [Apache] 	Status change detected: stopped
11:56:10  [Apache] 	Error: Apache shutdown unexpectedly.
11:56:10  [Apache] 	This may be due to a blocked port, missing dependencies, 
11:56:10  [Apache] 	improper privileges, a crash, or a shutdown by another method.
11:56:10  [Apache] 	Press the Logs button to view error logs and check
11:56:10  [Apache] 	the Windows Event Viewer for more clues
11:56:10  [Apache] 	If you need more help, copy and post this
11:56:10  [Apache] 	entire log window on the forums
11:56:38  [main] 	Executing "services.msc"
11:57:03  [Apache] 	Problem detected!
11:57:03  [Apache] 	Port 443 in use by "Unable to open process" with PID 440!
11:57:03  [Apache] 	Apache WILL NOT start without the configured ports free!
11:57:03  [Apache] 	You need to uninstall/disable/reconfigure the blocking application
11:57:03  [Apache] 	or reconfigure Apache and the Control Panel to listen on a different port
11:57:03  [Apache] 	Attempting to start Apache app...
11:57:03  [Apache] 	Status change detected: running
11:57:03  [Apache] 	Status change detected: stopped
11:57:03  [Apache] 	Error: Apache shutdown unexpectedly.
11:57:03  [Apache] 	This may be due to a blocked port, missing dependencies, 
11:57:03  [Apache] 	improper privileges, a crash, or a shutdown by another method.
11:57:03  [Apache] 	Press the Logs button to view error logs and check
11:57:03  [Apache] 	the Windows Event Viewer for more clues
11:57:03  [Apache] 	If you need more help, copy and post this
11:57:03  [Apache] 	entire log window on the forums
11:57:45  [main] 	Deinitializing Modules
11:57:45  [main] 	Deinitializing Control Panel

11:58:49  [main] 	Initializing Control Panel
11:58:49  [main] 	Windows Version: Windows 8  64-bit
11:58:49  [main] 	XAMPP Version: 5.6.12
11:58:49  [main] 	Control Panel Version: 3.2.1  [ Compiled: May 7th 2013 ]
11:58:49  [main] 	You are not running with administrator rights! This will work for
11:58:49  [main] 	most application stuff but whenever you do something with services
11:58:49  [main] 	there will be a security dialogue or things will break! So think 
11:58:49  [main] 	about running this application with administrator rights!
11:58:49  [main] 	XAMPP Installation Directory: "c:\xampp\"
11:58:49  [main] 	Checking for prerequisites
11:58:49  [main] 	All prerequisites found
11:58:49  [main] 	Initializing Modules
11:58:49  [main] 	Enabling autostart for module "Apache"
11:58:49  [main] 	Enabling autostart for module "MySQL"
11:58:49  [main] 	Starting Check-Timer
11:58:49  [main] 	Control Panel Ready
11:58:50  [Apache] 	Autostart active: starting...
11:58:50  [Apache] 	Attempting to start Apache app...
11:58:50  [mysql] 	Autostart aborted: MySQL is already running
11:58:50  [Apache] 	Status change detected: running
11:59:01  [main] 	Deinitializing Modules
11:59:01  [main] 	Deinitializing Control Panel

16:45:43  [main] 	Initializing Control Panel
16:45:43  [main] 	Windows Version: Windows 8  64-bit
16:45:43  [main] 	XAMPP Version: 5.6.12
16:45:43  [main] 	Control Panel Version: 3.2.1  [ Compiled: May 7th 2013 ]
16:45:43  [main] 	You are not running with administrator rights! This will work for
16:45:43  [main] 	most application stuff but whenever you do something with services
16:45:43  [main] 	there will be a security dialogue or things will break! So think 
16:45:43  [main] 	about running this application with administrator rights!
16:45:43  [main] 	XAMPP Installation Directory: "c:\xampp\"
16:45:43  [main] 	Checking for prerequisites
16:45:44  [main] 	All prerequisites found
16:45:44  [main] 	Initializing Modules
16:45:44  [main] 	Enabling autostart for module "Apache"
16:45:44  [main] 	Enabling autostart for module "MySQL"
16:45:44  [main] 	Starting Check-Timer
16:45:44  [main] 	Control Panel Ready
16:45:45  [Apache] 	Autostart active: starting...
16:45:45  [Apache] 	Attempting to start Apache app...
16:45:45  [mysql] 	Autostart active: starting...
16:45:45  [mysql] 	Attempting to start MySQL app...
16:45:45  [Apache] 	Status change detected: running
16:45:45  [mysql] 	Status change detected: running
16:47:03  [main] 	Deinitializing Modules
16:47:03  [main] 	Deinitializing Control Panel

11:14:07  [main] 	Initializing Control Panel
11:14:07  [main] 	Windows Version: Windows 8  64-bit
11:14:07  [main] 	XAMPP Version: 5.6.12
11:14:07  [main] 	Control Panel Version: 3.2.1  [ Compiled: May 7th 2013 ]
11:14:07  [main] 	You are not running with administrator rights! This will work for
11:14:07  [main] 	most application stuff but whenever you do something with services
11:14:07  [main] 	there will be a security dialogue or things will break! So think 
11:14:07  [main] 	about running this application with administrator rights!
11:14:07  [main] 	XAMPP Installation Directory: "c:\xampp\"
11:14:07  [main] 	Checking for prerequisites
11:14:09  [main] 	All prerequisites found
11:14:09  [main] 	Initializing Modules
11:14:09  [main] 	Enabling autostart for module "Apache"
11:14:09  [main] 	Enabling autostart for module "MySQL"
11:14:09  [main] 	Starting Check-Timer
11:14:09  [main] 	Control Panel Ready
11:14:10  [Apache] 	Autostart active: starting...
11:14:10  [Apache] 	Attempting to start Apache app...
11:14:10  [mysql] 	Autostart active: starting...
11:14:10  [mysql] 	Attempting to start MySQL app...
11:14:10  [Apache] 	Status change detected: running
11:14:10  [mysql] 	Status change detected: running
17:08:53  [main] 	Deinitializing Modules
17:08:53  [main] 	Deinitializing Control Panel

23:13:37  [main] 	Initializing Control Panel
23:13:37  [main] 	Windows Version: Windows 8  64-bit
23:13:37  [main] 	XAMPP Version: 5.6.12
23:13:37  [main] 	Control Panel Version: 3.2.1  [ Compiled: May 7th 2013 ]
23:13:37  [main] 	You are not running with administrator rights! This will work for
23:13:37  [main] 	most application stuff but whenever you do something with services
23:13:37  [main] 	there will be a security dialogue or things will break! So think 
23:13:37  [main] 	about running this application with administrator rights!
23:13:37  [main] 	XAMPP Installation Directory: "c:\xampp\"
23:13:37  [main] 	Checking for prerequisites
23:13:41  [main] 	All prerequisites found
23:13:41  [main] 	Initializing Modules
23:13:41  [main] 	Enabling autostart for module "Apache"
23:13:41  [main] 	Enabling autostart for module "MySQL"
23:13:41  [main] 	Starting Check-Timer
23:13:41  [main] 	Control Panel Ready
23:13:41  [Apache] 	Autostart active: starting...
23:13:41  [Apache] 	Attempting to start Apache app...
23:13:41  [mysql] 	Autostart active: starting...
23:13:41  [mysql] 	Attempting to start MySQL app...
23:13:42  [Apache] 	Status change detected: running
23:13:42  [mysql] 	Status change detected: running
17:30:44  [main] 	Deinitializing Modules
17:30:44  [main] 	Deinitializing Control Panel

15:03:43  [main] 	Initializing Control Panel
15:03:43  [main] 	Windows Version: Windows 8  64-bit
15:03:43  [main] 	XAMPP Version: 5.6.12
15:03:43  [main] 	Control Panel Version: 3.2.1  [ Compiled: May 7th 2013 ]
15:03:43  [main] 	You are not running with administrator rights! This will work for
15:03:43  [main] 	most application stuff but whenever you do something with services
15:03:43  [main] 	there will be a security dialogue or things will break! So think 
15:03:43  [main] 	about running this application with administrator rights!
15:03:43  [main] 	XAMPP Installation Directory: "c:\xampp\"
15:03:43  [main] 	Checking for prerequisites
15:03:45  [main] 	All prerequisites found
15:03:45  [main] 	Initializing Modules
15:03:45  [main] 	Enabling autostart for module "Apache"
15:03:45  [main] 	Enabling autostart for module "MySQL"
15:03:45  [main] 	Starting Check-Timer
15:03:45  [main] 	Control Panel Ready
15:03:46  [Apache] 	Autostart active: starting...
15:03:46  [Apache] 	Attempting to start Apache app...
15:03:46  [mysql] 	Autostart active: starting...
15:03:46  [mysql] 	Attempting to start MySQL app...
15:03:46  [Apache] 	Status change detected: running
15:03:46  [mysql] 	Status change detected: running
23:25:55  [main] 	Deinitializing Modules
23:25:55  [main] 	Deinitializing Control Panel

20:30:43  [main] 	Initializing Control Panel
20:30:43  [main] 	Windows Version: Windows 8  64-bit
20:30:43  [main] 	XAMPP Version: 5.6.12
20:30:43  [main] 	Control Panel Version: 3.2.1  [ Compiled: May 7th 2013 ]
20:30:43  [main] 	You are not running with administrator rights! This will work for
20:30:43  [main] 	most application stuff but whenever you do something with services
20:30:43  [main] 	there will be a security dialogue or things will break! So think 
20:30:43  [main] 	about running this application with administrator rights!
20:30:43  [main] 	XAMPP Installation Directory: "c:\xampp\"
20:30:43  [main] 	Checking for prerequisites
20:30:44  [main] 	All prerequisites found
20:30:44  [main] 	Initializing Modules
20:30:44  [main] 	Enabling autostart for module "Apache"
20:30:44  [main] 	Enabling autostart for module "MySQL"
20:30:44  [main] 	Starting Check-Timer
20:30:44  [main] 	Control Panel Ready
20:30:44  [Apache] 	Autostart active: starting...
20:30:44  [Apache] 	Attempting to start Apache app...
20:30:44  [mysql] 	Autostart active: starting...
20:30:44  [mysql] 	Attempting to start MySQL app...
20:30:45  [Apache] 	Status change detected: running
20:30:45  [mysql] 	Status change detected: running
1:25:39  [main] 	Deinitializing Modules
1:25:39  [main] 	Deinitializing Control Panel

16:19:42  [main] 	Initializing Control Panel
16:19:42  [main] 	Windows Version: Windows 8  64-bit
16:19:42  [main] 	XAMPP Version: 5.6.12
16:19:42  [main] 	Control Panel Version: 3.2.1  [ Compiled: May 7th 2013 ]
16:19:42  [main] 	You are not running with administrator rights! This will work for
16:19:42  [main] 	most application stuff but whenever you do something with services
16:19:42  [main] 	there will be a security dialogue or things will break! So think 
16:19:42  [main] 	about running this application with administrator rights!
16:19:42  [main] 	XAMPP Installation Directory: "c:\xampp\"
16:19:42  [main] 	Checking for prerequisites
16:19:44  [main] 	All prerequisites found
16:19:44  [main] 	Initializing Modules
16:19:44  [main] 	Enabling autostart for module "Apache"
16:19:44  [main] 	Enabling autostart for module "MySQL"
16:19:44  [main] 	Starting Check-Timer
16:19:44  [main] 	Control Panel Ready
16:19:45  [Apache] 	Autostart active: starting...
16:19:45  [Apache] 	Attempting to start Apache app...
16:19:45  [mysql] 	Autostart active: starting...
16:19:45  [mysql] 	Attempting to start MySQL app...
16:19:45  [Apache] 	Status change detected: running
16:19:45  [mysql] 	Status change detected: running
18:28:49  [main] 	Deinitializing Modules
18:28:49  [main] 	Deinitializing Control Panel

