2015-09-12 16:47:28 4800 [Note] Plugin 'FEDERATED' is disabled.
2015-09-12 16:47:28 fac InnoDB: Warning: Using innodb_additional_mem_pool_size is DEPRECATED. This option may be removed in future releases, together with the option innodb_use_sys_malloc and with the InnoDB's internal memory allocator.
2015-09-12 16:47:28 4800 [Note] InnoDB: Using atomics to ref count buffer pool pages
2015-09-12 16:47:28 4800 [Note] InnoDB: The InnoDB memory heap is disabled
2015-09-12 16:47:28 4800 [Note] InnoDB: Mutexes and rw_locks use Windows interlocked functions
2015-09-12 16:47:28 4800 [Note] InnoDB: Memory barrier is not used
2015-09-12 16:47:28 4800 [Note] InnoDB: Compressed tables use zlib 1.2.3
2015-09-12 16:47:28 4800 [Note] InnoDB: Not using CPU crc32 instructions
2015-09-12 16:47:28 4800 [Note] InnoDB: Initializing buffer pool, size = 16.0M
2015-09-12 16:47:28 4800 [Note] InnoDB: Completed initialization of buffer pool
2015-09-12 16:47:28 4800 [Note] InnoDB: Highest supported file format is Barracuda.
2015-09-12 16:47:28 4800 [Note] InnoDB: 128 rollback segment(s) are active.
2015-09-12 16:47:28 4800 [Note] InnoDB: Waiting for purge to start
2015-09-12 16:47:28 4800 [Note] InnoDB: 5.6.26 started; log sequence number 1665234
2015-09-12 16:47:28 4800 [Note] Server hostname (bind-address): '*'; port: 3306
2015-09-12 16:47:28 4800 [Note] IPv6 is available.
2015-09-12 16:47:28 4800 [Note]   - '::' resolves to '::';
2015-09-12 16:47:28 4800 [Note] Server socket created on IP: '::'.
2015-09-12 16:52:48 7196 [Note] Plugin 'FEDERATED' is disabled.
2015-09-12 16:52:48 1c0c InnoDB: Warning: Using innodb_additional_mem_pool_size is DEPRECATED. This option may be removed in future releases, together with the option innodb_use_sys_malloc and with the InnoDB's internal memory allocator.
2015-09-12 16:52:48 7196 [Note] InnoDB: Using atomics to ref count buffer pool pages
2015-09-12 16:52:48 7196 [Note] InnoDB: The InnoDB memory heap is disabled
2015-09-12 16:52:48 7196 [Note] InnoDB: Mutexes and rw_locks use Windows interlocked functions
2015-09-12 16:52:48 7196 [Note] InnoDB: Memory barrier is not used
2015-09-12 16:52:48 7196 [Note] InnoDB: Compressed tables use zlib 1.2.3
2015-09-12 16:52:48 7196 [Note] InnoDB: Not using CPU crc32 instructions
2015-09-12 16:52:48 7196 [Note] InnoDB: Initializing buffer pool, size = 16.0M
2015-09-12 16:52:48 7196 [Note] InnoDB: Completed initialization of buffer pool
2015-09-12 16:52:48 7196 [ERROR] InnoDB: C:\xampp\mysql\data\ibdata1 can't be opened in read-write mode
2015-09-12 16:52:48 7196 [ERROR] InnoDB: The system tablespace must be writable!
2015-09-12 16:52:48 7196 [ERROR] Plugin 'InnoDB' init function returned error.
2015-09-12 16:52:48 7196 [ERROR] Plugin 'InnoDB' registration as a STORAGE ENGINE failed.
2015-09-12 16:52:48 7196 [ERROR] Unknown/unsupported storage engine: InnoDB
2015-09-12 16:52:48 7196 [ERROR] Aborting

2015-09-12 16:52:48 7196 [Note] Binlog end
2015-09-12 16:52:48 7196 [Note] Shutting down plugin 'partition'
2015-09-12 16:52:48 7196 [Note] Shutting down plugin 'PERFORMANCE_SCHEMA'
2015-09-12 16:52:48 7196 [Note] Shutting down plugin 'INNODB_SYS_DATAFILES'
2015-09-12 16:52:48 7196 [Note] Shutting down plugin 'INNODB_SYS_TABLESPACES'
2015-09-12 16:52:48 7196 [Note] Shutting down plugin 'INNODB_SYS_FOREIGN_COLS'
2015-09-12 16:52:48 7196 [Note] Shutting down plugin 'INNODB_SYS_FOREIGN'
2015-09-12 16:52:48 7196 [Note] Shutting down plugin 'INNODB_SYS_FIELDS'
2015-09-12 16:52:48 7196 [Note] Shutting down plugin 'INNODB_SYS_COLUMNS'
2015-09-12 16:52:48 7196 [Note] Shutting down plugin 'INNODB_SYS_INDEXES'
2015-09-12 16:52:48 7196 [Note] Shutting down plugin 'INNODB_SYS_TABLESTATS'
2015-09-12 16:52:48 7196 [Note] Shutting down plugin 'INNODB_SYS_TABLES'
2015-09-12 16:52:48 7196 [Note] Shutting down plugin 'INNODB_FT_INDEX_TABLE'
2015-09-12 16:52:48 7196 [Note] Shutting down plugin 'INNODB_FT_INDEX_CACHE'
2015-09-12 16:52:48 7196 [Note] Shutting down plugin 'INNODB_FT_CONFIG'
2015-09-12 16:52:48 7196 [Note] Shutting down plugin 'INNODB_FT_BEING_DELETED'
2015-09-12 16:52:48 7196 [Note] Shutting down plugin 'INNODB_FT_DELETED'
2015-09-12 16:52:48 7196 [Note] Shutting down plugin 'INNODB_FT_DEFAULT_STOPWORD'
2015-09-12 16:52:48 7196 [Note] Shutting down plugin 'INNODB_METRICS'
2015-09-12 16:52:48 7196 [Note] Shutting down plugin 'INNODB_BUFFER_POOL_STATS'
2015-09-12 16:52:48 7196 [Note] Shutting down plugin 'INNODB_BUFFER_PAGE_LRU'
2015-09-12 16:52:48 7196 [Note] Shutting down plugin 'INNODB_BUFFER_PAGE'
2015-09-12 16:52:48 7196 [Note] Shutting down plugin 'INNODB_CMP_PER_INDEX_RESET'
2015-09-12 16:52:48 7196 [Note] Shutting down plugin 'INNODB_CMP_PER_INDEX'
2015-09-12 16:52:48 7196 [Note] Shutting down plugin 'INNODB_CMPMEM_RESET'
2015-09-12 16:52:48 7196 [Note] Shutting down plugin 'INNODB_CMPMEM'
2015-09-12 16:52:49 7196 [Note] Shutting down plugin 'INNODB_CMP_RESET'
2015-09-12 16:52:49 7196 [Note] Shutting down plugin 'INNODB_CMP'
2015-09-12 16:52:49 7196 [Note] Shutting down plugin 'INNODB_LOCK_WAITS'
2015-09-12 16:52:49 7196 [Note] Shutting down plugin 'INNODB_LOCKS'
2015-09-12 16:52:49 7196 [Note] Shutting down plugin 'INNODB_TRX'
2015-09-12 16:52:49 7196 [Note] Shutting down plugin 'BLACKHOLE'
2015-09-12 16:52:49 7196 [Note] Shutting down plugin 'ARCHIVE'
2015-09-12 16:52:49 7196 [Note] Shutting down plugin 'MRG_MYISAM'
2015-09-12 16:52:49 7196 [Note] Shutting down plugin 'MyISAM'
2015-09-12 16:52:49 7196 [Note] Shutting down plugin 'MEMORY'
2015-09-12 16:52:49 7196 [Note] Shutting down plugin 'CSV'
2015-09-12 16:52:49 7196 [Note] Shutting down plugin 'sha256_password'
2015-09-12 16:52:49 7196 [Note] Shutting down plugin 'mysql_old_password'
2015-09-12 16:52:49 7196 [Note] Shutting down plugin 'mysql_native_password'
2015-09-12 16:52:49 7196 [Note] Shutting down plugin 'binlog'
2015-09-12 16:52:49 7196 [Note] mysql\bin\mysqld.exe: Shutdown complete

2015-09-12 16:53:16 4540 [Note] Plugin 'FEDERATED' is disabled.
2015-09-12 16:53:16 1924 InnoDB: Warning: Using innodb_additional_mem_pool_size is DEPRECATED. This option may be removed in future releases, together with the option innodb_use_sys_malloc and with the InnoDB's internal memory allocator.
2015-09-12 16:53:16 4540 [Note] InnoDB: Using atomics to ref count buffer pool pages
2015-09-12 16:53:16 4540 [Note] InnoDB: The InnoDB memory heap is disabled
2015-09-12 16:53:16 4540 [Note] InnoDB: Mutexes and rw_locks use Windows interlocked functions
2015-09-12 16:53:16 4540 [Note] InnoDB: Memory barrier is not used
2015-09-12 16:53:16 4540 [Note] InnoDB: Compressed tables use zlib 1.2.3
2015-09-12 16:53:16 4540 [Note] InnoDB: Not using CPU crc32 instructions
2015-09-12 16:53:16 4540 [Note] InnoDB: Initializing buffer pool, size = 16.0M
2015-09-12 16:53:16 4540 [Note] InnoDB: Completed initialization of buffer pool
2015-09-12 16:53:17 4540 [Note] InnoDB: Highest supported file format is Barracuda.
2015-09-12 16:53:17 4540 [Note] InnoDB: 128 rollback segment(s) are active.
2015-09-12 16:53:17 4540 [Note] InnoDB: Waiting for purge to start
2015-09-12 16:53:17 4540 [Note] InnoDB: 5.6.26 started; log sequence number 1665244
2015-09-12 16:53:17 4540 [Note] Server hostname (bind-address): '*'; port: 3306
2015-09-12 16:53:17 4540 [Note] IPv6 is available.
2015-09-12 16:53:17 4540 [Note]   - '::' resolves to '::';
2015-09-12 16:53:17 4540 [Note] Server socket created on IP: '::'.
2015-09-12 16:53:24 4388 [Note] Plugin 'FEDERATED' is disabled.
2015-09-12 16:53:24 1600 InnoDB: Warning: Using innodb_additional_mem_pool_size is DEPRECATED. This option may be removed in future releases, together with the option innodb_use_sys_malloc and with the InnoDB's internal memory allocator.
2015-09-12 16:53:24 4388 [Note] InnoDB: Using atomics to ref count buffer pool pages
2015-09-12 16:53:24 4388 [Note] InnoDB: The InnoDB memory heap is disabled
2015-09-12 16:53:24 4388 [Note] InnoDB: Mutexes and rw_locks use Windows interlocked functions
2015-09-12 16:53:24 4388 [Note] InnoDB: Memory barrier is not used
2015-09-12 16:53:24 4388 [Note] InnoDB: Compressed tables use zlib 1.2.3
2015-09-12 16:53:24 4388 [Note] InnoDB: Not using CPU crc32 instructions
2015-09-12 16:53:24 4388 [Note] InnoDB: Initializing buffer pool, size = 16.0M
2015-09-12 16:53:24 4388 [Note] InnoDB: Completed initialization of buffer pool
2015-09-12 16:53:24 4388 [ERROR] InnoDB: C:\xampp\mysql\data\ibdata1 can't be opened in read-write mode
2015-09-12 16:53:24 4388 [ERROR] InnoDB: The system tablespace must be writable!
2015-09-12 16:53:24 4388 [ERROR] Plugin 'InnoDB' init function returned error.
2015-09-12 16:53:24 4388 [ERROR] Plugin 'InnoDB' registration as a STORAGE ENGINE failed.
2015-09-12 16:53:24 4388 [ERROR] Unknown/unsupported storage engine: InnoDB
2015-09-12 16:53:24 4388 [ERROR] Aborting

2015-09-12 16:53:24 4388 [Note] Binlog end
2015-09-12 16:53:24 4388 [Note] Shutting down plugin 'partition'
2015-09-12 16:53:24 4388 [Note] Shutting down plugin 'PERFORMANCE_SCHEMA'
2015-09-12 16:53:24 4388 [Note] Shutting down plugin 'INNODB_SYS_DATAFILES'
2015-09-12 16:53:24 4388 [Note] Shutting down plugin 'INNODB_SYS_TABLESPACES'
2015-09-12 16:53:24 4388 [Note] Shutting down plugin 'INNODB_SYS_FOREIGN_COLS'
2015-09-12 16:53:24 4388 [Note] Shutting down plugin 'INNODB_SYS_FOREIGN'
2015-09-12 16:53:24 4388 [Note] Shutting down plugin 'INNODB_SYS_FIELDS'
2015-09-12 16:53:24 4388 [Note] Shutting down plugin 'INNODB_SYS_COLUMNS'
2015-09-12 16:53:24 4388 [Note] Shutting down plugin 'INNODB_SYS_INDEXES'
2015-09-12 16:53:24 4388 [Note] Shutting down plugin 'INNODB_SYS_TABLESTATS'
2015-09-12 16:53:24 4388 [Note] Shutting down plugin 'INNODB_SYS_TABLES'
2015-09-12 16:53:24 4388 [Note] Shutting down plugin 'INNODB_FT_INDEX_TABLE'
2015-09-12 16:53:24 4388 [Note] Shutting down plugin 'INNODB_FT_INDEX_CACHE'
2015-09-12 16:53:24 4388 [Note] Shutting down plugin 'INNODB_FT_CONFIG'
2015-09-12 16:53:24 4388 [Note] Shutting down plugin 'INNODB_FT_BEING_DELETED'
2015-09-12 16:53:24 4388 [Note] Shutting down plugin 'INNODB_FT_DELETED'
2015-09-12 16:53:24 4388 [Note] Shutting down plugin 'INNODB_FT_DEFAULT_STOPWORD'
2015-09-12 16:53:24 4388 [Note] Shutting down plugin 'INNODB_METRICS'
2015-09-12 16:53:24 4388 [Note] Shutting down plugin 'INNODB_BUFFER_POOL_STATS'
2015-09-12 16:53:24 4388 [Note] Shutting down plugin 'INNODB_BUFFER_PAGE_LRU'
2015-09-12 16:53:24 4388 [Note] Shutting down plugin 'INNODB_BUFFER_PAGE'
2015-09-12 16:53:24 4388 [Note] Shutting down plugin 'INNODB_CMP_PER_INDEX_RESET'
2015-09-12 16:53:24 4388 [Note] Shutting down plugin 'INNODB_CMP_PER_INDEX'
2015-09-12 16:53:24 4388 [Note] Shutting down plugin 'INNODB_CMPMEM_RESET'
2015-09-12 16:53:24 4388 [Note] Shutting down plugin 'INNODB_CMPMEM'
2015-09-12 16:53:24 4388 [Note] Shutting down plugin 'INNODB_CMP_RESET'
2015-09-12 16:53:24 4388 [Note] Shutting down plugin 'INNODB_CMP'
2015-09-12 16:53:24 4388 [Note] Shutting down plugin 'INNODB_LOCK_WAITS'
2015-09-12 16:53:24 4388 [Note] Shutting down plugin 'INNODB_LOCKS'
2015-09-12 16:53:24 4388 [Note] Shutting down plugin 'INNODB_TRX'
2015-09-12 16:53:24 4388 [Note] Shutting down plugin 'BLACKHOLE'
2015-09-12 16:53:24 4388 [Note] Shutting down plugin 'ARCHIVE'
2015-09-12 16:53:24 4388 [Note] Shutting down plugin 'MRG_MYISAM'
2015-09-12 16:53:24 4388 [Note] Shutting down plugin 'MyISAM'
2015-09-12 16:53:24 4388 [Note] Shutting down plugin 'MEMORY'
2015-09-12 16:53:24 4388 [Note] Shutting down plugin 'CSV'
2015-09-12 16:53:24 4388 [Note] Shutting down plugin 'sha256_password'
2015-09-12 16:53:24 4388 [Note] Shutting down plugin 'mysql_old_password'
2015-09-12 16:53:24 4388 [Note] Shutting down plugin 'mysql_native_password'
2015-09-12 16:53:24 4388 [Note] Shutting down plugin 'binlog'
2015-09-12 16:53:24 4388 [Note] mysql\bin\mysqld.exe: Shutdown complete

2015-09-12 16:58:38 7260 [Note] Plugin 'FEDERATED' is disabled.
2015-09-12 16:58:38 19cc InnoDB: Warning: Using innodb_additional_mem_pool_size is DEPRECATED. This option may be removed in future releases, together with the option innodb_use_sys_malloc and with the InnoDB's internal memory allocator.
2015-09-12 16:58:38 7260 [Note] InnoDB: Using atomics to ref count buffer pool pages
2015-09-12 16:58:38 7260 [Note] InnoDB: The InnoDB memory heap is disabled
2015-09-12 16:58:38 7260 [Note] InnoDB: Mutexes and rw_locks use Windows interlocked functions
2015-09-12 16:58:38 7260 [Note] InnoDB: Memory barrier is not used
2015-09-12 16:58:38 7260 [Note] InnoDB: Compressed tables use zlib 1.2.3
2015-09-12 16:58:38 7260 [Note] InnoDB: Not using CPU crc32 instructions
2015-09-12 16:58:38 7260 [Note] InnoDB: Initializing buffer pool, size = 16.0M
2015-09-12 16:58:38 7260 [Note] InnoDB: Completed initialization of buffer pool
2015-09-12 16:58:38 7260 [ERROR] InnoDB: C:\xampp\mysql\data\ibdata1 can't be opened in read-write mode
2015-09-12 16:58:38 7260 [ERROR] InnoDB: The system tablespace must be writable!
2015-09-12 16:58:38 7260 [ERROR] Plugin 'InnoDB' init function returned error.
2015-09-12 16:58:38 7260 [ERROR] Plugin 'InnoDB' registration as a STORAGE ENGINE failed.
2015-09-12 16:58:38 7260 [ERROR] Unknown/unsupported storage engine: InnoDB
2015-09-12 16:58:38 7260 [ERROR] Aborting

2015-09-12 16:58:38 7260 [Note] Binlog end
2015-09-12 16:58:38 7260 [Note] Shutting down plugin 'partition'
2015-09-12 16:58:38 7260 [Note] Shutting down plugin 'PERFORMANCE_SCHEMA'
2015-09-12 16:58:38 7260 [Note] Shutting down plugin 'INNODB_SYS_DATAFILES'
2015-09-12 16:58:38 7260 [Note] Shutting down plugin 'INNODB_SYS_TABLESPACES'
2015-09-12 16:58:38 7260 [Note] Shutting down plugin 'INNODB_SYS_FOREIGN_COLS'
2015-09-12 16:58:38 7260 [Note] Shutting down plugin 'INNODB_SYS_FOREIGN'
2015-09-12 16:58:38 7260 [Note] Shutting down plugin 'INNODB_SYS_FIELDS'
2015-09-12 16:58:38 7260 [Note] Shutting down plugin 'INNODB_SYS_COLUMNS'
2015-09-12 16:58:38 7260 [Note] Shutting down plugin 'INNODB_SYS_INDEXES'
2015-09-12 16:58:38 7260 [Note] Shutting down plugin 'INNODB_SYS_TABLESTATS'
2015-09-12 16:58:38 7260 [Note] Shutting down plugin 'INNODB_SYS_TABLES'
2015-09-12 16:58:38 7260 [Note] Shutting down plugin 'INNODB_FT_INDEX_TABLE'
2015-09-12 16:58:38 7260 [Note] Shutting down plugin 'INNODB_FT_INDEX_CACHE'
2015-09-12 16:58:38 7260 [Note] Shutting down plugin 'INNODB_FT_CONFIG'
2015-09-12 16:58:38 7260 [Note] Shutting down plugin 'INNODB_FT_BEING_DELETED'
2015-09-12 16:58:38 7260 [Note] Shutting down plugin 'INNODB_FT_DELETED'
2015-09-12 16:58:38 7260 [Note] Shutting down plugin 'INNODB_FT_DEFAULT_STOPWORD'
2015-09-12 16:58:38 7260 [Note] Shutting down plugin 'INNODB_METRICS'
2015-09-12 16:58:38 7260 [Note] Shutting down plugin 'INNODB_BUFFER_POOL_STATS'
2015-09-12 16:58:38 7260 [Note] Shutting down plugin 'INNODB_BUFFER_PAGE_LRU'
2015-09-12 16:58:38 7260 [Note] Shutting down plugin 'INNODB_BUFFER_PAGE'
2015-09-12 16:58:38 7260 [Note] Shutting down plugin 'INNODB_CMP_PER_INDEX_RESET'
2015-09-12 16:58:38 7260 [Note] Shutting down plugin 'INNODB_CMP_PER_INDEX'
2015-09-12 16:58:38 7260 [Note] Shutting down plugin 'INNODB_CMPMEM_RESET'
2015-09-12 16:58:38 7260 [Note] Shutting down plugin 'INNODB_CMPMEM'
2015-09-12 16:58:38 7260 [Note] Shutting down plugin 'INNODB_CMP_RESET'
2015-09-12 16:58:38 7260 [Note] Shutting down plugin 'INNODB_CMP'
2015-09-12 16:58:38 7260 [Note] Shutting down plugin 'INNODB_LOCK_WAITS'
2015-09-12 16:58:38 7260 [Note] Shutting down plugin 'INNODB_LOCKS'
2015-09-12 16:58:38 7260 [Note] Shutting down plugin 'INNODB_TRX'
2015-09-12 16:58:38 7260 [Note] Shutting down plugin 'BLACKHOLE'
2015-09-12 16:58:38 7260 [Note] Shutting down plugin 'ARCHIVE'
2015-09-12 16:58:38 7260 [Note] Shutting down plugin 'MRG_MYISAM'
2015-09-12 16:58:38 7260 [Note] Shutting down plugin 'MyISAM'
2015-09-12 16:58:38 7260 [Note] Shutting down plugin 'MEMORY'
2015-09-12 16:58:38 7260 [Note] Shutting down plugin 'CSV'
2015-09-12 16:58:38 7260 [Note] Shutting down plugin 'sha256_password'
2015-09-12 16:58:38 7260 [Note] Shutting down plugin 'mysql_old_password'
2015-09-12 16:58:38 7260 [Note] Shutting down plugin 'mysql_native_password'
2015-09-12 16:58:38 7260 [Note] Shutting down plugin 'binlog'
2015-09-12 16:58:38 7260 [Note] C:\xampp\mysql\bin\mysqld: Shutdown complete

2015-09-12 16:58:39 2956 [Note] Plugin 'FEDERATED' is disabled.
2015-09-12 16:58:39 1a8c InnoDB: Warning: Using innodb_additional_mem_pool_size is DEPRECATED. This option may be removed in future releases, together with the option innodb_use_sys_malloc and with the InnoDB's internal memory allocator.
2015-09-12 16:58:39 2956 [Note] InnoDB: Using atomics to ref count buffer pool pages
2015-09-12 16:58:39 2956 [Note] InnoDB: The InnoDB memory heap is disabled
2015-09-12 16:58:39 2956 [Note] InnoDB: Mutexes and rw_locks use Windows interlocked functions
2015-09-12 16:58:39 2956 [Note] InnoDB: Memory barrier is not used
2015-09-12 16:58:39 2956 [Note] InnoDB: Compressed tables use zlib 1.2.3
2015-09-12 16:58:39 2956 [Note] InnoDB: Not using CPU crc32 instructions
2015-09-12 16:58:39 2956 [Note] InnoDB: Initializing buffer pool, size = 16.0M
2015-09-12 16:58:39 2956 [Note] InnoDB: Completed initialization of buffer pool
2015-09-12 16:58:39 2956 [ERROR] InnoDB: C:\xampp\mysql\data\ibdata1 can't be opened in read-write mode
2015-09-12 16:58:39 2956 [ERROR] InnoDB: The system tablespace must be writable!
2015-09-12 16:58:39 2956 [ERROR] Plugin 'InnoDB' init function returned error.
2015-09-12 16:58:39 2956 [ERROR] Plugin 'InnoDB' registration as a STORAGE ENGINE failed.
2015-09-12 16:58:39 2956 [ERROR] Unknown/unsupported storage engine: InnoDB
2015-09-12 16:58:39 2956 [ERROR] Aborting

2015-09-12 16:58:39 2956 [Note] Binlog end
2015-09-12 16:58:39 2956 [Note] Shutting down plugin 'partition'
2015-09-12 16:58:39 2956 [Note] Shutting down plugin 'PERFORMANCE_SCHEMA'
2015-09-12 16:58:39 2956 [Note] Shutting down plugin 'INNODB_SYS_DATAFILES'
2015-09-12 16:58:39 2956 [Note] Shutting down plugin 'INNODB_SYS_TABLESPACES'
2015-09-12 16:58:39 2956 [Note] Shutting down plugin 'INNODB_SYS_FOREIGN_COLS'
2015-09-12 16:58:39 2956 [Note] Shutting down plugin 'INNODB_SYS_FOREIGN'
2015-09-12 16:58:39 2956 [Note] Shutting down plugin 'INNODB_SYS_FIELDS'
2015-09-12 16:58:39 2956 [Note] Shutting down plugin 'INNODB_SYS_COLUMNS'
2015-09-12 16:58:39 2956 [Note] Shutting down plugin 'INNODB_SYS_INDEXES'
2015-09-12 16:58:39 2956 [Note] Shutting down plugin 'INNODB_SYS_TABLESTATS'
2015-09-12 16:58:39 2956 [Note] Shutting down plugin 'INNODB_SYS_TABLES'
2015-09-12 16:58:39 2956 [Note] Shutting down plugin 'INNODB_FT_INDEX_TABLE'
2015-09-12 16:58:39 2956 [Note] Shutting down plugin 'INNODB_FT_INDEX_CACHE'
2015-09-12 16:58:39 2956 [Note] Shutting down plugin 'INNODB_FT_CONFIG'
2015-09-12 16:58:39 2956 [Note] Shutting down plugin 'INNODB_FT_BEING_DELETED'
2015-09-12 16:58:39 2956 [Note] Shutting down plugin 'INNODB_FT_DELETED'
2015-09-12 16:58:39 2956 [Note] Shutting down plugin 'INNODB_FT_DEFAULT_STOPWORD'
2015-09-12 16:58:39 2956 [Note] Shutting down plugin 'INNODB_METRICS'
2015-09-12 16:58:39 2956 [Note] Shutting down plugin 'INNODB_BUFFER_POOL_STATS'
2015-09-12 16:58:39 2956 [Note] Shutting down plugin 'INNODB_BUFFER_PAGE_LRU'
2015-09-12 16:58:39 2956 [Note] Shutting down plugin 'INNODB_BUFFER_PAGE'
2015-09-12 16:58:39 2956 [Note] Shutting down plugin 'INNODB_CMP_PER_INDEX_RESET'
2015-09-12 16:58:39 2956 [Note] Shutting down plugin 'INNODB_CMP_PER_INDEX'
2015-09-12 16:58:39 2956 [Note] Shutting down plugin 'INNODB_CMPMEM_RESET'
2015-09-12 16:58:39 2956 [Note] Shutting down plugin 'INNODB_CMPMEM'
2015-09-12 16:58:39 2956 [Note] Shutting down plugin 'INNODB_CMP_RESET'
2015-09-12 16:58:39 2956 [Note] Shutting down plugin 'INNODB_CMP'
2015-09-12 16:58:39 2956 [Note] Shutting down plugin 'INNODB_LOCK_WAITS'
2015-09-12 16:58:39 2956 [Note] Shutting down plugin 'INNODB_LOCKS'
2015-09-12 16:58:39 2956 [Note] Shutting down plugin 'INNODB_TRX'
2015-09-12 16:58:39 2956 [Note] Shutting down plugin 'BLACKHOLE'
2015-09-12 16:58:39 2956 [Note] Shutting down plugin 'ARCHIVE'
2015-09-12 16:58:39 2956 [Note] Shutting down plugin 'MRG_MYISAM'
2015-09-12 16:58:39 2956 [Note] Shutting down plugin 'MyISAM'
2015-09-12 16:58:39 2956 [Note] Shutting down plugin 'MEMORY'
2015-09-12 16:58:39 2956 [Note] Shutting down plugin 'CSV'
2015-09-12 16:58:39 2956 [Note] Shutting down plugin 'sha256_password'
2015-09-12 16:58:39 2956 [Note] Shutting down plugin 'mysql_old_password'
2015-09-12 16:58:39 2956 [Note] Shutting down plugin 'mysql_native_password'
2015-09-12 16:58:39 2956 [Note] Shutting down plugin 'binlog'
2015-09-12 16:58:39 2956 [Note] C:\xampp\mysql\bin\mysqld: Shutdown complete

2015-09-12 16:58:39 7096 [Note] Plugin 'FEDERATED' is disabled.
2015-09-12 16:58:39 10f4 InnoDB: Warning: Using innodb_additional_mem_pool_size is DEPRECATED. This option may be removed in future releases, together with the option innodb_use_sys_malloc and with the InnoDB's internal memory allocator.
2015-09-12 16:58:39 7096 [Note] InnoDB: Using atomics to ref count buffer pool pages
2015-09-12 16:58:39 7096 [Note] InnoDB: The InnoDB memory heap is disabled
2015-09-12 16:58:39 7096 [Note] InnoDB: Mutexes and rw_locks use Windows interlocked functions
2015-09-12 16:58:39 7096 [Note] InnoDB: Memory barrier is not used
2015-09-12 16:58:39 7096 [Note] InnoDB: Compressed tables use zlib 1.2.3
2015-09-12 16:58:39 7096 [Note] InnoDB: Not using CPU crc32 instructions
2015-09-12 16:58:39 7096 [Note] InnoDB: Initializing buffer pool, size = 16.0M
2015-09-12 16:58:39 7096 [Note] InnoDB: Completed initialization of buffer pool
2015-09-12 16:58:39 7096 [ERROR] InnoDB: C:\xampp\mysql\data\ibdata1 can't be opened in read-write mode
2015-09-12 16:58:39 7096 [ERROR] InnoDB: The system tablespace must be writable!
2015-09-12 16:58:39 7096 [ERROR] Plugin 'InnoDB' init function returned error.
2015-09-12 16:58:39 7096 [ERROR] Plugin 'InnoDB' registration as a STORAGE ENGINE failed.
2015-09-12 16:58:39 7096 [ERROR] Unknown/unsupported storage engine: InnoDB
2015-09-12 16:58:39 7096 [ERROR] Aborting

2015-09-12 16:58:39 7096 [Note] Binlog end
2015-09-12 16:58:39 7096 [Note] Shutting down plugin 'partition'
2015-09-12 16:58:39 7096 [Note] Shutting down plugin 'PERFORMANCE_SCHEMA'
2015-09-12 16:58:39 7096 [Note] Shutting down plugin 'INNODB_SYS_DATAFILES'
2015-09-12 16:58:39 7096 [Note] Shutting down plugin 'INNODB_SYS_TABLESPACES'
2015-09-12 16:58:39 7096 [Note] Shutting down plugin 'INNODB_SYS_FOREIGN_COLS'
2015-09-12 16:58:39 7096 [Note] Shutting down plugin 'INNODB_SYS_FOREIGN'
2015-09-12 16:58:39 7096 [Note] Shutting down plugin 'INNODB_SYS_FIELDS'
2015-09-12 16:58:39 7096 [Note] Shutting down plugin 'INNODB_SYS_COLUMNS'
2015-09-12 16:58:39 7096 [Note] Shutting down plugin 'INNODB_SYS_INDEXES'
2015-09-12 16:58:39 7096 [Note] Shutting down plugin 'INNODB_SYS_TABLESTATS'
2015-09-12 16:58:39 7096 [Note] Shutting down plugin 'INNODB_SYS_TABLES'
2015-09-12 16:58:39 7096 [Note] Shutting down plugin 'INNODB_FT_INDEX_TABLE'
2015-09-12 16:58:39 7096 [Note] Shutting down plugin 'INNODB_FT_INDEX_CACHE'
2015-09-12 16:58:39 7096 [Note] Shutting down plugin 'INNODB_FT_CONFIG'
2015-09-12 16:58:39 7096 [Note] Shutting down plugin 'INNODB_FT_BEING_DELETED'
2015-09-12 16:58:39 7096 [Note] Shutting down plugin 'INNODB_FT_DELETED'
2015-09-12 16:58:39 7096 [Note] Shutting down plugin 'INNODB_FT_DEFAULT_STOPWORD'
2015-09-12 16:58:39 7096 [Note] Shutting down plugin 'INNODB_METRICS'
2015-09-12 16:58:39 7096 [Note] Shutting down plugin 'INNODB_BUFFER_POOL_STATS'
2015-09-12 16:58:39 7096 [Note] Shutting down plugin 'INNODB_BUFFER_PAGE_LRU'
2015-09-12 16:58:39 7096 [Note] Shutting down plugin 'INNODB_BUFFER_PAGE'
2015-09-12 16:58:39 7096 [Note] Shutting down plugin 'INNODB_CMP_PER_INDEX_RESET'
2015-09-12 16:58:39 7096 [Note] Shutting down plugin 'INNODB_CMP_PER_INDEX'
2015-09-12 16:58:39 7096 [Note] Shutting down plugin 'INNODB_CMPMEM_RESET'
2015-09-12 16:58:39 7096 [Note] Shutting down plugin 'INNODB_CMPMEM'
2015-09-12 16:58:39 7096 [Note] Shutting down plugin 'INNODB_CMP_RESET'
2015-09-12 16:58:39 7096 [Note] Shutting down plugin 'INNODB_CMP'
2015-09-12 16:58:39 7096 [Note] Shutting down plugin 'INNODB_LOCK_WAITS'
2015-09-12 16:58:39 7096 [Note] Shutting down plugin 'INNODB_LOCKS'
2015-09-12 16:58:39 7096 [Note] Shutting down plugin 'INNODB_TRX'
2015-09-12 16:58:39 7096 [Note] Shutting down plugin 'BLACKHOLE'
2015-09-12 16:58:39 7096 [Note] Shutting down plugin 'ARCHIVE'
2015-09-12 16:58:39 7096 [Note] Shutting down plugin 'MRG_MYISAM'
2015-09-12 16:58:39 7096 [Note] Shutting down plugin 'MyISAM'
2015-09-12 16:58:39 7096 [Note] Shutting down plugin 'MEMORY'
2015-09-12 16:58:39 7096 [Note] Shutting down plugin 'CSV'
2015-09-12 16:58:39 7096 [Note] Shutting down plugin 'sha256_password'
2015-09-12 16:58:39 7096 [Note] Shutting down plugin 'mysql_old_password'
2015-09-12 16:58:39 7096 [Note] Shutting down plugin 'mysql_native_password'
2015-09-12 16:58:39 7096 [Note] Shutting down plugin 'binlog'
2015-09-12 16:58:39 7096 [Note] C:\xampp\mysql\bin\mysqld: Shutdown complete

2015-09-13 11:58:19 9804 [Note] Plugin 'FEDERATED' is disabled.
2015-09-13 11:58:19 1b74 InnoDB: Warning: Using innodb_additional_mem_pool_size is DEPRECATED. This option may be removed in future releases, together with the option innodb_use_sys_malloc and with the InnoDB's internal memory allocator.
2015-09-13 11:58:19 9804 [Note] InnoDB: Using atomics to ref count buffer pool pages
2015-09-13 11:58:19 9804 [Note] InnoDB: The InnoDB memory heap is disabled
2015-09-13 11:58:19 9804 [Note] InnoDB: Mutexes and rw_locks use Windows interlocked functions
2015-09-13 11:58:19 9804 [Note] InnoDB: Memory barrier is not used
2015-09-13 11:58:19 9804 [Note] InnoDB: Compressed tables use zlib 1.2.3
2015-09-13 11:58:19 9804 [Note] InnoDB: Not using CPU crc32 instructions
2015-09-13 11:58:19 9804 [Note] InnoDB: Initializing buffer pool, size = 16.0M
2015-09-13 11:58:19 9804 [Note] InnoDB: Completed initialization of buffer pool
2015-09-13 11:58:19 9804 [Note] InnoDB: Highest supported file format is Barracuda.
2015-09-13 11:58:23 9804 [Note] InnoDB: 128 rollback segment(s) are active.
2015-09-13 11:58:23 9804 [Note] InnoDB: Waiting for purge to start
2015-09-13 11:58:23 9804 [Note] InnoDB: 5.6.26 started; log sequence number 4941773
2015-09-13 11:58:23 9804 [Note] Server hostname (bind-address): '*'; port: 3306
2015-09-13 11:58:23 9804 [Note] IPv6 is available.
2015-09-13 11:58:23 9804 [Note]   - '::' resolves to '::';
2015-09-13 11:58:23 9804 [Note] Server socket created on IP: '::'.
2015-09-13 11:58:26 9804 [Note] Event Scheduler: Loaded 0 events
2015-09-13 11:58:26 9804 [Note] mysql\bin\mysqld.exe: ready for connections.
Version: '5.6.26'  socket: ''  port: 3306  MySQL Community Server (GPL)
2015-09-13 16:45:47 732 [Note] Plugin 'FEDERATED' is disabled.
2015-09-13 16:45:47 e00 InnoDB: Warning: Using innodb_additional_mem_pool_size is DEPRECATED. This option may be removed in future releases, together with the option innodb_use_sys_malloc and with the InnoDB's internal memory allocator.
2015-09-13 16:45:47 732 [Note] InnoDB: Using atomics to ref count buffer pool pages
2015-09-13 16:45:47 732 [Note] InnoDB: The InnoDB memory heap is disabled
2015-09-13 16:45:47 732 [Note] InnoDB: Mutexes and rw_locks use Windows interlocked functions
2015-09-13 16:45:47 732 [Note] InnoDB: Memory barrier is not used
2015-09-13 16:45:47 732 [Note] InnoDB: Compressed tables use zlib 1.2.3
2015-09-13 16:45:47 732 [Note] InnoDB: Not using CPU crc32 instructions
2015-09-13 16:45:47 732 [Note] InnoDB: Initializing buffer pool, size = 16.0M
2015-09-13 16:45:47 732 [Note] InnoDB: Completed initialization of buffer pool
2015-09-13 16:45:47 732 [Note] InnoDB: Highest supported file format is Barracuda.
2015-09-13 16:45:47 732 [Note] InnoDB: The log sequence numbers 4941773 and 4941773 in ibdata files do not match the log sequence number 4961476 in the ib_logfiles!
2015-09-13 16:45:47 732 [Note] InnoDB: Database was not shutdown normally!
2015-09-13 16:45:47 732 [Note] InnoDB: Starting crash recovery.
2015-09-13 16:45:47 732 [Note] InnoDB: Reading tablespace information from the .ibd files...
2015-09-13 16:45:48 732 [Note] InnoDB: Restoring possible half-written data pages 
2015-09-13 16:45:48 732 [Note] InnoDB: from the doublewrite buffer...
2015-09-13 16:45:50 732 [Note] InnoDB: 128 rollback segment(s) are active.
2015-09-13 16:45:50 732 [Note] InnoDB: Waiting for purge to start
2015-09-13 16:45:50 732 [Note] InnoDB: 5.6.26 started; log sequence number 4961476
2015-09-13 16:45:50 732 [Note] Server hostname (bind-address): '*'; port: 3306
2015-09-13 16:45:50 732 [Note] IPv6 is available.
2015-09-13 16:45:50 732 [Note]   - '::' resolves to '::';
2015-09-13 16:45:50 732 [Note] Server socket created on IP: '::'.
2015-09-16 09:33:40 6440 [Note] Plugin 'FEDERATED' is disabled.
2015-09-16 09:33:41 1a2c InnoDB: Warning: Using innodb_additional_mem_pool_size is DEPRECATED. This option may be removed in future releases, together with the option innodb_use_sys_malloc and with the InnoDB's internal memory allocator.
2015-09-16 09:33:41 6440 [Note] InnoDB: Using atomics to ref count buffer pool pages
2015-09-16 09:33:41 6440 [Note] InnoDB: The InnoDB memory heap is disabled
2015-09-16 09:33:41 6440 [Note] InnoDB: Mutexes and rw_locks use Windows interlocked functions
2015-09-16 09:33:41 6440 [Note] InnoDB: Memory barrier is not used
2015-09-16 09:33:41 6440 [Note] InnoDB: Compressed tables use zlib 1.2.3
2015-09-16 09:33:41 6440 [Note] InnoDB: Not using CPU crc32 instructions
2015-09-16 09:33:41 6440 [Note] InnoDB: Initializing buffer pool, size = 16.0M
2015-09-16 09:33:41 6440 [Note] InnoDB: Completed initialization of buffer pool
2015-09-16 09:33:41 6440 [Note] InnoDB: Highest supported file format is Barracuda.
2015-09-16 09:33:41 6440 [Note] InnoDB: The log sequence numbers 4941773 and 4941773 in ibdata files do not match the log sequence number 6004245 in the ib_logfiles!
2015-09-16 09:33:41 6440 [Note] InnoDB: Database was not shutdown normally!
2015-09-16 09:33:41 6440 [Note] InnoDB: Starting crash recovery.
2015-09-16 09:33:41 6440 [Note] InnoDB: Reading tablespace information from the .ibd files...
2015-09-16 09:33:43 6440 [Note] InnoDB: Restoring possible half-written data pages 
2015-09-16 09:33:43 6440 [Note] InnoDB: from the doublewrite buffer...
2015-09-16 09:33:45 6440 [Note] InnoDB: 128 rollback segment(s) are active.
2015-09-16 09:33:45 6440 [Note] InnoDB: Waiting for purge to start
2015-09-16 09:33:46 6440 [Note] InnoDB: 5.6.26 started; log sequence number 6004245
2015-09-16 09:33:46 6440 [Note] Server hostname (bind-address): '*'; port: 3306
2015-09-16 09:33:46 6440 [Note] IPv6 is available.
2015-09-16 09:33:46 6440 [Note]   - '::' resolves to '::';
2015-09-16 09:33:46 6440 [Note] Server socket created on IP: '::'.
2015-09-16 12:00:59 580 [Note] Plugin 'FEDERATED' is disabled.
2015-09-16 12:00:59 1f44 InnoDB: Warning: Using innodb_additional_mem_pool_size is DEPRECATED. This option may be removed in future releases, together with the option innodb_use_sys_malloc and with the InnoDB's internal memory allocator.
2015-09-16 12:00:59 580 [Note] InnoDB: Using atomics to ref count buffer pool pages
2015-09-16 12:00:59 580 [Note] InnoDB: The InnoDB memory heap is disabled
2015-09-16 12:00:59 580 [Note] InnoDB: Mutexes and rw_locks use Windows interlocked functions
2015-09-16 12:00:59 580 [Note] InnoDB: Memory barrier is not used
2015-09-16 12:00:59 580 [Note] InnoDB: Compressed tables use zlib 1.2.3
2015-09-16 12:00:59 580 [Note] InnoDB: Not using CPU crc32 instructions
2015-09-16 12:00:59 580 [Note] InnoDB: Initializing buffer pool, size = 16.0M
2015-09-16 12:00:59 580 [Note] InnoDB: Completed initialization of buffer pool
2015-09-16 12:01:00 580 [Note] InnoDB: Highest supported file format is Barracuda.
2015-09-16 12:01:00 580 [Note] InnoDB: The log sequence numbers 4941773 and 4941773 in ibdata files do not match the log sequence number 6089397 in the ib_logfiles!
2015-09-16 12:01:00 580 [Note] InnoDB: Database was not shutdown normally!
2015-09-16 12:01:00 580 [Note] InnoDB: Starting crash recovery.
2015-09-16 12:01:00 580 [Note] InnoDB: Reading tablespace information from the .ibd files...
2015-09-16 12:01:01 580 [Note] InnoDB: Restoring possible half-written data pages 
2015-09-16 12:01:01 580 [Note] InnoDB: from the doublewrite buffer...
2015-09-16 12:01:05 580 [Note] InnoDB: 128 rollback segment(s) are active.
2015-09-16 12:01:05 580 [Note] InnoDB: Waiting for purge to start
2015-09-16 12:01:05 580 [Note] InnoDB: 5.6.26 started; log sequence number 6089397
2015-09-16 12:01:05 580 [Note] Server hostname (bind-address): '*'; port: 3306
2015-09-16 12:01:05 580 [Note] IPv6 is available.
2015-09-16 12:01:05 580 [Note]   - '::' resolves to '::';
2015-09-16 12:01:05 580 [Note] Server socket created on IP: '::'.
2015-09-17 11:14:12 6240 [Note] Plugin 'FEDERATED' is disabled.
2015-09-17 11:14:13 1064 InnoDB: Warning: Using innodb_additional_mem_pool_size is DEPRECATED. This option may be removed in future releases, together with the option innodb_use_sys_malloc and with the InnoDB's internal memory allocator.
2015-09-17 11:14:13 6240 [Note] InnoDB: Using atomics to ref count buffer pool pages
2015-09-17 11:14:13 6240 [Note] InnoDB: The InnoDB memory heap is disabled
2015-09-17 11:14:13 6240 [Note] InnoDB: Mutexes and rw_locks use Windows interlocked functions
2015-09-17 11:14:13 6240 [Note] InnoDB: Memory barrier is not used
2015-09-17 11:14:13 6240 [Note] InnoDB: Compressed tables use zlib 1.2.3
2015-09-17 11:14:13 6240 [Note] InnoDB: Not using CPU crc32 instructions
2015-09-17 11:14:13 6240 [Note] InnoDB: Initializing buffer pool, size = 16.0M
2015-09-17 11:14:14 6240 [Note] InnoDB: Completed initialization of buffer pool
2015-09-17 11:14:14 6240 [Note] InnoDB: Highest supported file format is Barracuda.
2015-09-17 11:14:14 6240 [Note] InnoDB: The log sequence numbers 4941773 and 4941773 in ibdata files do not match the log sequence number 6734083 in the ib_logfiles!
2015-09-17 11:14:14 6240 [Note] InnoDB: Database was not shutdown normally!
2015-09-17 11:14:14 6240 [Note] InnoDB: Starting crash recovery.
2015-09-17 11:14:14 6240 [Note] InnoDB: Reading tablespace information from the .ibd files...
2015-09-17 11:14:16 6240 [Note] InnoDB: Restoring possible half-written data pages 
2015-09-17 11:14:16 6240 [Note] InnoDB: from the doublewrite buffer...
2015-09-17 11:14:19 6240 [Note] InnoDB: 128 rollback segment(s) are active.
2015-09-17 11:14:19 6240 [Note] InnoDB: Waiting for purge to start
2015-09-17 11:14:19 6240 [Note] InnoDB: 5.6.26 started; log sequence number 6734083
2015-09-17 11:14:19 6240 [Note] Server hostname (bind-address): '*'; port: 3306
2015-09-17 11:14:19 6240 [Note] IPv6 is available.
2015-09-17 11:14:19 6240 [Note]   - '::' resolves to '::';
2015-09-17 11:14:19 6240 [Note] Server socket created on IP: '::'.
2015-09-18 19:04:21 7128 [Note] Plugin 'FEDERATED' is disabled.
2015-09-18 19:04:21 5c0 InnoDB: Warning: Using innodb_additional_mem_pool_size is DEPRECATED. This option may be removed in future releases, together with the option innodb_use_sys_malloc and with the InnoDB's internal memory allocator.
2015-09-18 19:04:21 7128 [Note] InnoDB: Using atomics to ref count buffer pool pages
2015-09-18 19:04:21 7128 [Note] InnoDB: The InnoDB memory heap is disabled
2015-09-18 19:04:21 7128 [Note] InnoDB: Mutexes and rw_locks use Windows interlocked functions
2015-09-18 19:04:21 7128 [Note] InnoDB: Memory barrier is not used
2015-09-18 19:04:21 7128 [Note] InnoDB: Compressed tables use zlib 1.2.3
2015-09-18 19:04:21 7128 [Note] InnoDB: Not using CPU crc32 instructions
2015-09-18 19:04:21 7128 [Note] InnoDB: Initializing buffer pool, size = 16.0M
2015-09-18 19:04:21 7128 [Note] InnoDB: Completed initialization of buffer pool
2015-09-18 19:04:22 7128 [Note] InnoDB: Highest supported file format is Barracuda.
2015-09-18 19:04:22 7128 [Note] InnoDB: The log sequence numbers 4941773 and 4941773 in ibdata files do not match the log sequence number 6837141 in the ib_logfiles!
2015-09-18 19:04:22 7128 [Note] InnoDB: Database was not shutdown normally!
2015-09-18 19:04:22 7128 [Note] InnoDB: Starting crash recovery.
2015-09-18 19:04:22 7128 [Note] InnoDB: Reading tablespace information from the .ibd files...
2015-09-18 19:04:22 7128 [Note] InnoDB: Restoring possible half-written data pages 
2015-09-18 19:04:22 7128 [Note] InnoDB: from the doublewrite buffer...
2015-09-18 19:04:23 7128 [Note] InnoDB: 128 rollback segment(s) are active.
2015-09-18 19:04:23 7128 [Note] InnoDB: Waiting for purge to start
2015-09-18 19:04:23 7128 [Note] InnoDB: 5.6.26 started; log sequence number 6837141
2015-09-18 19:04:23 7128 [Note] Server hostname (bind-address): '*'; port: 3306
2015-09-18 19:04:23 7128 [Note] IPv6 is available.
2015-09-18 19:04:23 7128 [Note]   - '::' resolves to '::';
2015-09-18 19:04:23 7128 [Note] Server socket created on IP: '::'.
2015-09-21 23:13:43 6984 [Note] Plugin 'FEDERATED' is disabled.
2015-09-21 23:13:43 fa4 InnoDB: Warning: Using innodb_additional_mem_pool_size is DEPRECATED. This option may be removed in future releases, together with the option innodb_use_sys_malloc and with the InnoDB's internal memory allocator.
2015-09-21 23:13:43 6984 [Note] InnoDB: Using atomics to ref count buffer pool pages
2015-09-21 23:13:43 6984 [Note] InnoDB: The InnoDB memory heap is disabled
2015-09-21 23:13:43 6984 [Note] InnoDB: Mutexes and rw_locks use Windows interlocked functions
2015-09-21 23:13:43 6984 [Note] InnoDB: Memory barrier is not used
2015-09-21 23:13:43 6984 [Note] InnoDB: Compressed tables use zlib 1.2.3
2015-09-21 23:13:43 6984 [Note] InnoDB: Not using CPU crc32 instructions
2015-09-21 23:13:43 6984 [Note] InnoDB: Initializing buffer pool, size = 16.0M
2015-09-21 23:13:43 6984 [Note] InnoDB: Completed initialization of buffer pool
2015-09-21 23:13:43 6984 [Note] InnoDB: Highest supported file format is Barracuda.
2015-09-21 23:13:44 6984 [Note] InnoDB: The log sequence numbers 4941773 and 4941773 in ibdata files do not match the log sequence number 7397983 in the ib_logfiles!
2015-09-21 23:13:44 6984 [Note] InnoDB: Database was not shutdown normally!
2015-09-21 23:13:44 6984 [Note] InnoDB: Starting crash recovery.
2015-09-21 23:13:44 6984 [Note] InnoDB: Reading tablespace information from the .ibd files...
2015-09-21 23:13:46 6984 [Note] InnoDB: Restoring possible half-written data pages 
2015-09-21 23:13:46 6984 [Note] InnoDB: from the doublewrite buffer...
2015-09-21 23:13:49 6984 [Note] InnoDB: 128 rollback segment(s) are active.
2015-09-21 23:13:49 6984 [Note] InnoDB: Waiting for purge to start
2015-09-21 23:13:49 6984 [Note] InnoDB: 5.6.26 started; log sequence number 7397983
2015-09-21 23:13:49 6984 [Note] Server hostname (bind-address): '*'; port: 3306
2015-09-21 23:13:49 6984 [Note] IPv6 is available.
2015-09-21 23:13:49 6984 [Note]   - '::' resolves to '::';
2015-09-21 23:13:49 6984 [Note] Server socket created on IP: '::'.
2015-09-29 15:03:47 5624 [Note] Plugin 'FEDERATED' is disabled.
2015-09-29 15:03:47 1d98 InnoDB: Warning: Using innodb_additional_mem_pool_size is DEPRECATED. This option may be removed in future releases, together with the option innodb_use_sys_malloc and with the InnoDB's internal memory allocator.
2015-09-29 15:03:47 5624 [Note] InnoDB: Using atomics to ref count buffer pool pages
2015-09-29 15:03:47 5624 [Note] InnoDB: The InnoDB memory heap is disabled
2015-09-29 15:03:47 5624 [Note] InnoDB: Mutexes and rw_locks use Windows interlocked functions
2015-09-29 15:03:47 5624 [Note] InnoDB: Memory barrier is not used
2015-09-29 15:03:47 5624 [Note] InnoDB: Compressed tables use zlib 1.2.3
2015-09-29 15:03:47 5624 [Note] InnoDB: Not using CPU crc32 instructions
2015-09-29 15:03:47 5624 [Note] InnoDB: Initializing buffer pool, size = 16.0M
2015-09-29 15:03:47 5624 [Note] InnoDB: Completed initialization of buffer pool
2015-09-29 15:03:48 5624 [Note] InnoDB: Highest supported file format is Barracuda.
2015-09-29 15:03:48 5624 [Note] InnoDB: The log sequence numbers 4941773 and 4941773 in ibdata files do not match the log sequence number 8177583 in the ib_logfiles!
2015-09-29 15:03:48 5624 [Note] InnoDB: Database was not shutdown normally!
2015-09-29 15:03:48 5624 [Note] InnoDB: Starting crash recovery.
2015-09-29 15:03:48 5624 [Note] InnoDB: Reading tablespace information from the .ibd files...
2015-09-29 15:03:50 5624 [Note] InnoDB: Restoring possible half-written data pages 
2015-09-29 15:03:50 5624 [Note] InnoDB: from the doublewrite buffer...
2015-09-29 15:03:53 5624 [Note] InnoDB: 128 rollback segment(s) are active.
2015-09-29 15:03:53 5624 [Note] InnoDB: Waiting for purge to start
2015-09-29 15:03:53 5624 [Note] InnoDB: 5.6.26 started; log sequence number 8177583
2015-09-29 15:03:53 5624 [Note] Server hostname (bind-address): '*'; port: 3306
2015-09-29 15:03:53 5624 [Note] IPv6 is available.
2015-09-29 15:03:53 5624 [Note]   - '::' resolves to '::';
2015-09-29 15:03:53 5624 [Note] Server socket created on IP: '::'.
2015-10-01 01:12:03 6508 [Note] Plugin 'FEDERATED' is disabled.
2015-10-01 01:12:04 1a8c InnoDB: Warning: Using innodb_additional_mem_pool_size is DEPRECATED. This option may be removed in future releases, together with the option innodb_use_sys_malloc and with the InnoDB's internal memory allocator.
2015-10-01 01:12:04 6508 [Note] InnoDB: Using atomics to ref count buffer pool pages
2015-10-01 01:12:04 6508 [Note] InnoDB: The InnoDB memory heap is disabled
2015-10-01 01:12:04 6508 [Note] InnoDB: Mutexes and rw_locks use Windows interlocked functions
2015-10-01 01:12:04 6508 [Note] InnoDB: Memory barrier is not used
2015-10-01 01:12:04 6508 [Note] InnoDB: Compressed tables use zlib 1.2.3
2015-10-01 01:12:04 6508 [Note] InnoDB: Not using CPU crc32 instructions
2015-10-01 01:12:04 6508 [Note] InnoDB: Initializing buffer pool, size = 16.0M
2015-10-01 01:12:04 6508 [Note] InnoDB: Completed initialization of buffer pool
2015-10-01 01:12:04 6508 [Note] InnoDB: Highest supported file format is Barracuda.
2015-10-01 01:12:04 6508 [Note] InnoDB: The log sequence numbers 4941773 and 4941773 in ibdata files do not match the log sequence number 9083061 in the ib_logfiles!
2015-10-01 01:12:04 6508 [Note] InnoDB: Database was not shutdown normally!
2015-10-01 01:12:04 6508 [Note] InnoDB: Starting crash recovery.
2015-10-01 01:12:04 6508 [Note] InnoDB: Reading tablespace information from the .ibd files...
2015-10-01 01:12:05 6508 [Note] InnoDB: Restoring possible half-written data pages 
2015-10-01 01:12:05 6508 [Note] InnoDB: from the doublewrite buffer...
2015-10-01 01:12:07 6508 [Note] InnoDB: 128 rollback segment(s) are active.
2015-10-01 01:12:07 6508 [Note] InnoDB: Waiting for purge to start
2015-10-01 01:12:07 6508 [Note] InnoDB: 5.6.26 started; log sequence number 9083061
2015-10-01 01:12:07 6508 [Note] Server hostname (bind-address): '*'; port: 3306
2015-10-01 01:12:07 6508 [Note] IPv6 is available.
2015-10-01 01:12:07 6508 [Note]   - '::' resolves to '::';
2015-10-01 01:12:07 6508 [Note] Server socket created on IP: '::'.
2015-10-02 20:30:46 5636 [Note] Plugin 'FEDERATED' is disabled.
2015-10-02 20:30:46 199c InnoDB: Warning: Using innodb_additional_mem_pool_size is DEPRECATED. This option may be removed in future releases, together with the option innodb_use_sys_malloc and with the InnoDB's internal memory allocator.
2015-10-02 20:30:46 5636 [Note] InnoDB: Using atomics to ref count buffer pool pages
2015-10-02 20:30:46 5636 [Note] InnoDB: The InnoDB memory heap is disabled
2015-10-02 20:30:46 5636 [Note] InnoDB: Mutexes and rw_locks use Windows interlocked functions
2015-10-02 20:30:46 5636 [Note] InnoDB: Memory barrier is not used
2015-10-02 20:30:46 5636 [Note] InnoDB: Compressed tables use zlib 1.2.3
2015-10-02 20:30:46 5636 [Note] InnoDB: Not using CPU crc32 instructions
2015-10-02 20:30:46 5636 [Note] InnoDB: Initializing buffer pool, size = 16.0M
2015-10-02 20:30:46 5636 [Note] InnoDB: Completed initialization of buffer pool
2015-10-02 20:30:47 5636 [Note] InnoDB: Highest supported file format is Barracuda.
2015-10-02 20:30:47 5636 [Note] InnoDB: The log sequence numbers 4941773 and 4941773 in ibdata files do not match the log sequence number 9337063 in the ib_logfiles!
2015-10-02 20:30:47 5636 [Note] InnoDB: Database was not shutdown normally!
2015-10-02 20:30:47 5636 [Note] InnoDB: Starting crash recovery.
2015-10-02 20:30:47 5636 [Note] InnoDB: Reading tablespace information from the .ibd files...
2015-10-02 20:30:47 5636 [Note] InnoDB: Restoring possible half-written data pages 
2015-10-02 20:30:47 5636 [Note] InnoDB: from the doublewrite buffer...
2015-10-02 20:30:48 5636 [Note] InnoDB: 128 rollback segment(s) are active.
2015-10-02 20:30:48 5636 [Note] InnoDB: Waiting for purge to start
2015-10-02 20:30:49 5636 [Note] InnoDB: 5.6.26 started; log sequence number 9337063
2015-10-02 20:30:49 5636 [Note] Server hostname (bind-address): '*'; port: 3306
2015-10-02 20:30:49 5636 [Note] IPv6 is available.
2015-10-02 20:30:49 5636 [Note]   - '::' resolves to '::';
2015-10-02 20:30:49 5636 [Note] Server socket created on IP: '::'.
2015-10-03 16:19:46 6088 [Note] Plugin 'FEDERATED' is disabled.
2015-10-03 16:19:47 92c InnoDB: Warning: Using innodb_additional_mem_pool_size is DEPRECATED. This option may be removed in future releases, together with the option innodb_use_sys_malloc and with the InnoDB's internal memory allocator.
2015-10-03 16:19:47 6088 [Note] InnoDB: Using atomics to ref count buffer pool pages
2015-10-03 16:19:47 6088 [Note] InnoDB: The InnoDB memory heap is disabled
2015-10-03 16:19:47 6088 [Note] InnoDB: Mutexes and rw_locks use Windows interlocked functions
2015-10-03 16:19:47 6088 [Note] InnoDB: Memory barrier is not used
2015-10-03 16:19:47 6088 [Note] InnoDB: Compressed tables use zlib 1.2.3
2015-10-03 16:19:47 6088 [Note] InnoDB: Not using CPU crc32 instructions
2015-10-03 16:19:47 6088 [Note] InnoDB: Initializing buffer pool, size = 16.0M
2015-10-03 16:19:47 6088 [Note] InnoDB: Completed initialization of buffer pool
2015-10-03 16:19:47 6088 [Note] InnoDB: Highest supported file format is Barracuda.
2015-10-03 16:19:49 6088 [Note] InnoDB: 128 rollback segment(s) are active.
2015-10-03 16:19:49 6088 [Note] InnoDB: Waiting for purge to start
2015-10-03 16:19:49 6088 [Note] InnoDB: 5.6.26 started; log sequence number 9524300
2015-10-03 16:19:50 6088 [Note] Server hostname (bind-address): '*'; port: 3306
2015-10-03 16:19:50 6088 [Note] IPv6 is available.
2015-10-03 16:19:50 6088 [Note]   - '::' resolves to '::';
2015-10-03 16:19:50 6088 [Note] Server socket created on IP: '::'.
